2020-11-19 23:32:35:3235 info: GET /api/member 200
2020-11-19 23:32:35:3235 info: member:SYNC_UPLOAD
2020-11-19 23:32:35:3235 info: member:syncData
2020-11-19 23:32:35:3235 debug: SELECT Member_Code, Member_TotalPurchase, Member_TotalScore FROM 
        (SELECT Member_Code, Member_TotalPurchase, Member_TotalScore FROM memmaster t1 
        UNION ALL SELECT Member_Code, Member_TotalPurchase, Member_TotalScore FROM memmaster_temp) tbl
        GROUP BY Member_Code, Member_TotalPurchase, Member_TotalScore HAVING count(*) = 1 
        ORDER BY Member_Code;
2020-11-19 23:32:35:3235 info: GET /api/redeem 200
2020-11-19 23:32:35:3235 info: redeem:SYNC_UPLOAD
2020-11-19 23:32:35:3235 info: redeem:syncData
2020-11-19 23:32:35:3235 debug: SELECT redeem_code, bill_no FROM 
        (SELECT redeem_code, bill_no FROM redeem t1 
        UNION ALL SELECT redeem_code, bill_no FROM redeem_temp) tbl
        GROUP BY redeem_code, bill_no HAVING count(*) = 1 
        ORDER BY bill_no;
2020-11-19 23:33:05:335 info: GET /api/member 200
2020-11-19 23:33:05:335 info: member:SYNC_UPLOAD
2020-11-19 23:33:05:335 info: member:syncData
2020-11-19 23:33:05:335 debug: SELECT Member_Code, Member_TotalPurchase, Member_TotalScore FROM 
        (SELECT Member_Code, Member_TotalPurchase, Member_TotalScore FROM memmaster t1 
        UNION ALL SELECT Member_Code, Member_TotalPurchase, Member_TotalScore FROM memmaster_temp) tbl
        GROUP BY Member_Code, Member_TotalPurchase, Member_TotalScore HAVING count(*) = 1 
        ORDER BY Member_Code;
2020-11-19 23:33:05:335 info: GET /api/redeem 200
2020-11-19 23:33:05:335 info: redeem:SYNC_UPLOAD
2020-11-19 23:33:05:335 info: redeem:syncData
2020-11-19 23:33:05:335 debug: SELECT redeem_code, bill_no FROM 
        (SELECT redeem_code, bill_no FROM redeem t1 
        UNION ALL SELECT redeem_code, bill_no FROM redeem_temp) tbl
        GROUP BY redeem_code, bill_no HAVING count(*) = 1 
        ORDER BY bill_no;
2020-11-19 23:33:35:3335 info: GET /api/member 200
2020-11-19 23:33:35:3335 info: member:SYNC_UPLOAD
2020-11-19 23:33:35:3335 info: member:syncData
2020-11-19 23:33:35:3335 debug: SELECT Member_Code, Member_TotalPurchase, Member_TotalScore FROM 
        (SELECT Member_Code, Member_TotalPurchase, Member_TotalScore FROM memmaster t1 
        UNION ALL SELECT Member_Code, Member_TotalPurchase, Member_TotalScore FROM memmaster_temp) tbl
        GROUP BY Member_Code, Member_TotalPurchase, Member_TotalScore HAVING count(*) = 1 
        ORDER BY Member_Code;
2020-11-19 23:33:35:3335 info: GET /api/redeem 200
2020-11-19 23:33:35:3335 info: redeem:SYNC_UPLOAD
2020-11-19 23:33:35:3335 info: redeem:syncData
2020-11-19 23:33:35:3335 debug: SELECT redeem_code, bill_no FROM 
        (SELECT redeem_code, bill_no FROM redeem t1 
        UNION ALL SELECT redeem_code, bill_no FROM redeem_temp) tbl
        GROUP BY redeem_code, bill_no HAVING count(*) = 1 
        ORDER BY bill_no;
2020-11-19 23:33:54:3354 info: POST /api/redeem 200
2020-11-19 23:33:54:3354 info: redeem:POST
2020-11-19 23:33:54:3354 info: redeem:create: [object Object]
2020-11-19 23:33:54:3354 info: redeem:getQuery: [object Object]
2020-11-19 23:33:54:3354 debug: INSERT INTO redeem SET ?;
2020-11-19 23:33:54:3354 info: redeem:createTemp: W8A6-8YC2-7KPM
2020-11-19 23:33:54:3354 debug: INSERT INTO redeem_temp select * from redeem where redeem_code = ?;
2020-11-19 23:34:05:345 info: GET /api/member 200
2020-11-19 23:34:05:345 info: member:SYNC_UPLOAD
2020-11-19 23:34:05:345 info: member:syncData
2020-11-19 23:34:05:345 debug: SELECT Member_Code, Member_TotalPurchase, Member_TotalScore FROM 
        (SELECT Member_Code, Member_TotalPurchase, Member_TotalScore FROM memmaster t1 
        UNION ALL SELECT Member_Code, Member_TotalPurchase, Member_TotalScore FROM memmaster_temp) tbl
        GROUP BY Member_Code, Member_TotalPurchase, Member_TotalScore HAVING count(*) = 1 
        ORDER BY Member_Code;
2020-11-19 23:34:05:345 info: GET /api/redeem 200
2020-11-19 23:34:05:345 info: redeem:SYNC_UPLOAD
2020-11-19 23:34:05:345 info: redeem:syncData
2020-11-19 23:34:05:345 debug: SELECT redeem_code, bill_no FROM 
        (SELECT redeem_code, bill_no FROM redeem t1 
        UNION ALL SELECT redeem_code, bill_no FROM redeem_temp) tbl
        GROUP BY redeem_code, bill_no HAVING count(*) = 1 
        ORDER BY bill_no;
2020-11-19 23:34:12:3412 info: GET /api/member/server 200
2020-11-19 23:34:12:3412 info: member:GET_SERVER
2020-11-19 23:34:12:3412 info: member:createOrUpdate
2020-11-19 23:34:12:3412 info: member:getQuery: [object Object]
2020-11-19 23:34:12:3412 info: member:getQuery: [object Object]
2020-11-19 23:34:12:3412 info: member:getQuery: [object Object]
2020-11-19 23:34:12:3412 info: member:getQuery: [object Object]
2020-11-19 23:34:12:3412 info: member:bulkInsert: [object Object],[object Object],[object Object],[object Object]
2020-11-19 23:34:12:3412 debug: INSERT INTO memmaster (Member_Code,Member_NameThai,Member_HomeTel,Member_Email,Member_Brithday,Member_ExpiredDate,Member_AppliedDate,Member_LastDateService,Employee_CreateDate,Employee_ModifyDate,Member_TotalPurchase,Member_Mobile,Member_PointExpiredDate,Member_TotalScore,Member_TitleNameThai,Member_SurnameThai,Member_Active,System_Created,System_Updated) VALUES ? 
        ON DUPLICATE KEY 
        UPDATE 
        Member_TotalPurchase=VALUES(Member_TotalPurchase), 
        Member_TotalScore=VALUES(Member_TotalScore)
2020-11-19 23:34:12:3412 info: member:bulkInsertTemp: [object Object],[object Object],[object Object],[object Object]
2020-11-19 23:34:12:3412 debug: INSERT INTO memmaster_temp (Member_Code,Member_NameThai,Member_HomeTel,Member_Email,Member_Brithday,Member_ExpiredDate,Member_AppliedDate,Member_LastDateService,Employee_CreateDate,Employee_ModifyDate,Member_TotalPurchase,Member_Mobile,Member_PointExpiredDate,Member_TotalScore,Member_TitleNameThai,Member_SurnameThai,Member_Active,System_Created,System_Updated) VALUES ? 
        ON DUPLICATE KEY 
        UPDATE 
        Member_TotalPurchase=VALUES(Member_TotalPurchase), 
        Member_TotalScore=VALUES(Member_TotalScore)
2020-11-19 23:34:12:3412 info: GET /api/redeem/server 200
2020-11-19 23:34:12:3412 info: redeem:GET_SERVER
2020-11-19 23:34:12:3412 info: redeem:createOrUpdate
2020-11-19 23:34:12:3412 info: redeem:getQuery: [object Object]
2020-11-19 23:34:12:3412 info: redeem:bulkInsert: [object Object]
2020-11-19 23:34:12:3412 debug: INSERT INTO redeem (uuid_index,redeem_code,product_code,redeem_name,point_to_redeem,use_in_branch,emp_code_redeem,member_code_use,qty_in_use,system_create,redeem_date,in_time,status_use,active,redeem_or_free,discount_amt,discount_percent) VALUES ? 
        ON DUPLICATE KEY UPDATE uuid_index=uuid_index;
2020-11-19 23:34:12:3412 info: redeem:bulkInsertTemp: [object Object]
2020-11-19 23:34:12:3412 debug: INSERT INTO redeem_temp (uuid_index,redeem_code,product_code,redeem_name,point_to_redeem,use_in_branch,emp_code_redeem,member_code_use,qty_in_use,system_create,redeem_date,in_time,status_use,active,redeem_or_free,discount_amt,discount_percent) VALUES ? 
        ON DUPLICATE KEY UPDATE uuid_index=uuid_index;
2020-11-19 23:34:22:3422 info: GET /api/member 200
2020-11-19 23:34:22:3422 info: member:SYNC_UPLOAD
2020-11-19 23:34:22:3422 info: member:syncData
2020-11-19 23:34:22:3422 debug: SELECT Member_Code, Member_TotalPurchase, Member_TotalScore FROM 
        (SELECT Member_Code, Member_TotalPurchase, Member_TotalScore FROM memmaster t1 
        UNION ALL SELECT Member_Code, Member_TotalPurchase, Member_TotalScore FROM memmaster_temp) tbl
        GROUP BY Member_Code, Member_TotalPurchase, Member_TotalScore HAVING count(*) = 1 
        ORDER BY Member_Code;
2020-11-19 23:34:22:3422 info: GET /api/redeem 200
2020-11-19 23:34:22:3422 info: redeem:SYNC_UPLOAD
2020-11-19 23:34:22:3422 info: redeem:syncData
2020-11-19 23:34:22:3422 debug: SELECT redeem_code, bill_no FROM 
        (SELECT redeem_code, bill_no FROM redeem t1 
        UNION ALL SELECT redeem_code, bill_no FROM redeem_temp) tbl
        GROUP BY redeem_code, bill_no HAVING count(*) = 1 
        ORDER BY bill_no;
2020-11-19 23:34:32:3432 info: GET /api/member 200
2020-11-19 23:34:32:3432 info: member:SYNC_UPLOAD
2020-11-19 23:34:32:3432 info: member:syncData
2020-11-19 23:34:32:3432 debug: SELECT Member_Code, Member_TotalPurchase, Member_TotalScore FROM 
        (SELECT Member_Code, Member_TotalPurchase, Member_TotalScore FROM memmaster t1 
        UNION ALL SELECT Member_Code, Member_TotalPurchase, Member_TotalScore FROM memmaster_temp) tbl
        GROUP BY Member_Code, Member_TotalPurchase, Member_TotalScore HAVING count(*) = 1 
        ORDER BY Member_Code;
2020-11-19 23:34:32:3432 info: GET /api/redeem 200
2020-11-19 23:34:32:3432 info: redeem:SYNC_UPLOAD
2020-11-19 23:34:32:3432 info: redeem:syncData
2020-11-19 23:34:32:3432 debug: SELECT redeem_code, bill_no FROM 
        (SELECT redeem_code, bill_no FROM redeem t1 
        UNION ALL SELECT redeem_code, bill_no FROM redeem_temp) tbl
        GROUP BY redeem_code, bill_no HAVING count(*) = 1 
        ORDER BY bill_no;
2020-11-19 23:34:42:3442 info: GET /api/member 200
2020-11-19 23:34:42:3442 info: member:SYNC_UPLOAD
2020-11-19 23:34:42:3442 info: member:syncData
2020-11-19 23:34:42:3442 debug: SELECT Member_Code, Member_TotalPurchase, Member_TotalScore FROM 
        (SELECT Member_Code, Member_TotalPurchase, Member_TotalScore FROM memmaster t1 
        UNION ALL SELECT Member_Code, Member_TotalPurchase, Member_TotalScore FROM memmaster_temp) tbl
        GROUP BY Member_Code, Member_TotalPurchase, Member_TotalScore HAVING count(*) = 1 
        ORDER BY Member_Code;
2020-11-19 23:34:42:3442 info: GET /api/redeem 200
2020-11-19 23:34:42:3442 info: redeem:SYNC_UPLOAD
2020-11-19 23:34:42:3442 info: redeem:syncData
2020-11-19 23:34:42:3442 debug: SELECT redeem_code, bill_no FROM 
        (SELECT redeem_code, bill_no FROM redeem t1 
        UNION ALL SELECT redeem_code, bill_no FROM redeem_temp) tbl
        GROUP BY redeem_code, bill_no HAVING count(*) = 1 
        ORDER BY bill_no;
2020-11-19 23:34:52:3452 info: GET /api/member 200
2020-11-19 23:34:52:3452 info: member:SYNC_UPLOAD
2020-11-19 23:34:52:3452 info: member:syncData
2020-11-19 23:34:52:3452 debug: SELECT Member_Code, Member_TotalPurchase, Member_TotalScore FROM 
        (SELECT Member_Code, Member_TotalPurchase, Member_TotalScore FROM memmaster t1 
        UNION ALL SELECT Member_Code, Member_TotalPurchase, Member_TotalScore FROM memmaster_temp) tbl
        GROUP BY Member_Code, Member_TotalPurchase, Member_TotalScore HAVING count(*) = 1 
        ORDER BY Member_Code;
2020-11-19 23:34:52:3452 info: GET /api/redeem 200
2020-11-19 23:34:52:3452 info: redeem:SYNC_UPLOAD
2020-11-19 23:34:52:3452 info: redeem:syncData
2020-11-19 23:34:52:3452 debug: SELECT redeem_code, bill_no FROM 
        (SELECT redeem_code, bill_no FROM redeem t1 
        UNION ALL SELECT redeem_code, bill_no FROM redeem_temp) tbl
        GROUP BY redeem_code, bill_no HAVING count(*) = 1 
        ORDER BY bill_no;
2020-11-19 23:34:52:3452 info: redeem:findByRedeemCode: W8A6-8YC2-7KPM
2020-11-19 23:34:52:3452 debug: select * from redeem where redeem_code=?;
2020-11-19 23:34:52:3452 info: redeem:deleteTemp: W8A6-8YC2-7KPM
2020-11-19 23:34:52:3452 debug: DELETE FROM redeem_temp WHERE redeem_code = ?;
2020-11-19 23:34:52:3452 info: GET /api/member/server 200
2020-11-19 23:34:52:3452 info: member:GET_SERVER
2020-11-19 23:34:52:3452 info: redeem:createTemp: W8A6-8YC2-7KPM
2020-11-19 23:34:52:3452 debug: INSERT INTO redeem_temp select * from redeem where redeem_code = ?;
2020-11-19 23:34:52:3452 info: member:createOrUpdate
2020-11-19 23:34:52:3452 info: member:getQuery: [object Object]
2020-11-19 23:34:52:3452 info: member:getQuery: [object Object]
2020-11-19 23:34:52:3452 info: member:getQuery: [object Object]
2020-11-19 23:34:52:3452 info: member:getQuery: [object Object]
2020-11-19 23:34:52:3452 info: member:bulkInsert: [object Object],[object Object],[object Object],[object Object]
2020-11-19 23:34:52:3452 debug: INSERT INTO memmaster (Member_Code,Member_NameThai,Member_HomeTel,Member_Email,Member_Brithday,Member_ExpiredDate,Member_AppliedDate,Member_LastDateService,Employee_CreateDate,Employee_ModifyDate,Member_TotalPurchase,Member_Mobile,Member_PointExpiredDate,Member_TotalScore,Member_TitleNameThai,Member_SurnameThai,Member_Active,System_Created,System_Updated) VALUES ? 
        ON DUPLICATE KEY 
        UPDATE 
        Member_TotalPurchase=VALUES(Member_TotalPurchase), 
        Member_TotalScore=VALUES(Member_TotalScore)
2020-11-19 23:34:52:3452 info: member:bulkInsertTemp: [object Object],[object Object],[object Object],[object Object]
2020-11-19 23:34:52:3452 debug: INSERT INTO memmaster_temp (Member_Code,Member_NameThai,Member_HomeTel,Member_Email,Member_Brithday,Member_ExpiredDate,Member_AppliedDate,Member_LastDateService,Employee_CreateDate,Employee_ModifyDate,Member_TotalPurchase,Member_Mobile,Member_PointExpiredDate,Member_TotalScore,Member_TitleNameThai,Member_SurnameThai,Member_Active,System_Created,System_Updated) VALUES ? 
        ON DUPLICATE KEY 
        UPDATE 
        Member_TotalPurchase=VALUES(Member_TotalPurchase), 
        Member_TotalScore=VALUES(Member_TotalScore)
2020-11-19 23:34:52:3452 info: GET /api/redeem/server 200
2020-11-19 23:34:52:3452 info: redeem:GET_SERVER
2020-11-19 23:34:52:3452 info: redeem:createOrUpdate
2020-11-19 23:34:52:3452 info: redeem:getQuery: [object Object]
2020-11-19 23:34:52:3452 info: redeem:bulkInsert: [object Object]
2020-11-19 23:34:52:3452 debug: INSERT INTO redeem (uuid_index,redeem_code,product_code,redeem_name,point_to_redeem,use_in_branch,emp_code_redeem,member_code_use,qty_in_use,system_create,redeem_date,in_time,status_use,active,redeem_or_free,discount_amt,discount_percent) VALUES ? 
        ON DUPLICATE KEY UPDATE uuid_index=uuid_index;
2020-11-19 23:34:52:3452 info: redeem:bulkInsertTemp: [object Object]
2020-11-19 23:34:52:3452 debug: INSERT INTO redeem_temp (uuid_index,redeem_code,product_code,redeem_name,point_to_redeem,use_in_branch,emp_code_redeem,member_code_use,qty_in_use,system_create,redeem_date,in_time,status_use,active,redeem_or_free,discount_amt,discount_percent) VALUES ? 
        ON DUPLICATE KEY UPDATE uuid_index=uuid_index;
2020-11-19 23:35:02:352 info: GET /api/member 200
2020-11-19 23:35:02:352 info: member:SYNC_UPLOAD
2020-11-19 23:35:02:352 info: member:syncData
2020-11-19 23:35:02:352 debug: SELECT Member_Code, Member_TotalPurchase, Member_TotalScore FROM 
        (SELECT Member_Code, Member_TotalPurchase, Member_TotalScore FROM memmaster t1 
        UNION ALL SELECT Member_Code, Member_TotalPurchase, Member_TotalScore FROM memmaster_temp) tbl
        GROUP BY Member_Code, Member_TotalPurchase, Member_TotalScore HAVING count(*) = 1 
        ORDER BY Member_Code;
2020-11-19 23:35:02:352 info: GET /api/redeem 200
2020-11-19 23:35:02:352 info: redeem:SYNC_UPLOAD
2020-11-19 23:35:02:352 info: redeem:syncData
2020-11-19 23:35:02:352 debug: SELECT redeem_code, bill_no FROM 
        (SELECT redeem_code, bill_no FROM redeem t1 
        UNION ALL SELECT redeem_code, bill_no FROM redeem_temp) tbl
        GROUP BY redeem_code, bill_no HAVING count(*) = 1 
        ORDER BY bill_no;
2020-11-19 23:35:12:3512 info: GET /api/member 200
2020-11-19 23:35:12:3512 info: member:SYNC_UPLOAD
2020-11-19 23:35:12:3512 info: member:syncData
2020-11-19 23:35:12:3512 debug: SELECT Member_Code, Member_TotalPurchase, Member_TotalScore FROM 
        (SELECT Member_Code, Member_TotalPurchase, Member_TotalScore FROM memmaster t1 
        UNION ALL SELECT Member_Code, Member_TotalPurchase, Member_TotalScore FROM memmaster_temp) tbl
        GROUP BY Member_Code, Member_TotalPurchase, Member_TotalScore HAVING count(*) = 1 
        ORDER BY Member_Code;
2020-11-19 23:35:12:3512 info: GET /api/redeem 200
2020-11-19 23:35:12:3512 info: redeem:SYNC_UPLOAD
2020-11-19 23:35:12:3512 info: redeem:syncData
2020-11-19 23:35:12:3512 debug: SELECT redeem_code, bill_no FROM 
        (SELECT redeem_code, bill_no FROM redeem t1 
        UNION ALL SELECT redeem_code, bill_no FROM redeem_temp) tbl
        GROUP BY redeem_code, bill_no HAVING count(*) = 1 
        ORDER BY bill_no;
2020-11-19 23:35:22:3522 info: GET /api/member 200
2020-11-19 23:35:22:3522 info: member:SYNC_UPLOAD
2020-11-19 23:35:22:3522 info: member:syncData
2020-11-19 23:35:22:3522 debug: SELECT Member_Code, Member_TotalPurchase, Member_TotalScore FROM 
        (SELECT Member_Code, Member_TotalPurchase, Member_TotalScore FROM memmaster t1 
        UNION ALL SELECT Member_Code, Member_TotalPurchase, Member_TotalScore FROM memmaster_temp) tbl
        GROUP BY Member_Code, Member_TotalPurchase, Member_TotalScore HAVING count(*) = 1 
        ORDER BY Member_Code;
2020-11-19 23:35:22:3522 info: GET /api/redeem 200
2020-11-19 23:35:22:3522 info: redeem:SYNC_UPLOAD
2020-11-19 23:35:22:3522 info: redeem:syncData
2020-11-19 23:35:22:3522 debug: SELECT redeem_code, bill_no FROM 
        (SELECT redeem_code, bill_no FROM redeem t1 
        UNION ALL SELECT redeem_code, bill_no FROM redeem_temp) tbl
        GROUP BY redeem_code, bill_no HAVING count(*) = 1 
        ORDER BY bill_no;
2020-11-19 23:35:32:3532 info: GET /api/member 200
2020-11-19 23:35:32:3532 info: member:SYNC_UPLOAD
2020-11-19 23:35:32:3532 info: member:syncData
2020-11-19 23:35:32:3532 debug: SELECT Member_Code, Member_TotalPurchase, Member_TotalScore FROM 
        (SELECT Member_Code, Member_TotalPurchase, Member_TotalScore FROM memmaster t1 
        UNION ALL SELECT Member_Code, Member_TotalPurchase, Member_TotalScore FROM memmaster_temp) tbl
        GROUP BY Member_Code, Member_TotalPurchase, Member_TotalScore HAVING count(*) = 1 
        ORDER BY Member_Code;
2020-11-19 23:35:32:3532 info: GET /api/redeem 200
2020-11-19 23:35:32:3532 info: redeem:SYNC_UPLOAD
2020-11-19 23:35:32:3532 info: redeem:syncData
2020-11-19 23:35:32:3532 debug: SELECT redeem_code, bill_no FROM 
        (SELECT redeem_code, bill_no FROM redeem t1 
        UNION ALL SELECT redeem_code, bill_no FROM redeem_temp) tbl
        GROUP BY redeem_code, bill_no HAVING count(*) = 1 
        ORDER BY bill_no;
2020-11-19 23:35:42:3542 info: GET /api/member 200
2020-11-19 23:35:42:3542 info: member:SYNC_UPLOAD
2020-11-19 23:35:42:3542 info: member:syncData
2020-11-19 23:35:42:3542 debug: SELECT Member_Code, Member_TotalPurchase, Member_TotalScore FROM 
        (SELECT Member_Code, Member_TotalPurchase, Member_TotalScore FROM memmaster t1 
        UNION ALL SELECT Member_Code, Member_TotalPurchase, Member_TotalScore FROM memmaster_temp) tbl
        GROUP BY Member_Code, Member_TotalPurchase, Member_TotalScore HAVING count(*) = 1 
        ORDER BY Member_Code;
2020-11-19 23:35:42:3542 info: GET /api/redeem 200
2020-11-19 23:35:42:3542 info: redeem:SYNC_UPLOAD
2020-11-19 23:35:42:3542 info: redeem:syncData
2020-11-19 23:35:42:3542 debug: SELECT redeem_code, bill_no FROM 
        (SELECT redeem_code, bill_no FROM redeem t1 
        UNION ALL SELECT redeem_code, bill_no FROM redeem_temp) tbl
        GROUP BY redeem_code, bill_no HAVING count(*) = 1 
        ORDER BY bill_no;
2020-11-19 23:35:52:3552 info: GET /api/member 200
2020-11-19 23:35:52:3552 info: member:SYNC_UPLOAD
2020-11-19 23:35:52:3552 info: member:syncData
2020-11-19 23:35:52:3552 debug: SELECT Member_Code, Member_TotalPurchase, Member_TotalScore FROM 
        (SELECT Member_Code, Member_TotalPurchase, Member_TotalScore FROM memmaster t1 
        UNION ALL SELECT Member_Code, Member_TotalPurchase, Member_TotalScore FROM memmaster_temp) tbl
        GROUP BY Member_Code, Member_TotalPurchase, Member_TotalScore HAVING count(*) = 1 
        ORDER BY Member_Code;
2020-11-19 23:35:52:3552 info: GET /api/redeem 200
2020-11-19 23:35:52:3552 info: redeem:SYNC_UPLOAD
2020-11-19 23:35:52:3552 info: redeem:syncData
2020-11-19 23:35:52:3552 debug: SELECT redeem_code, bill_no FROM 
        (SELECT redeem_code, bill_no FROM redeem t1 
        UNION ALL SELECT redeem_code, bill_no FROM redeem_temp) tbl
        GROUP BY redeem_code, bill_no HAVING count(*) = 1 
        ORDER BY bill_no;
2020-11-19 23:36:02:362 info: GET /api/member 200
2020-11-19 23:36:02:362 info: member:SYNC_UPLOAD
2020-11-19 23:36:02:362 info: member:syncData
2020-11-19 23:36:02:362 debug: SELECT Member_Code, Member_TotalPurchase, Member_TotalScore FROM 
        (SELECT Member_Code, Member_TotalPurchase, Member_TotalScore FROM memmaster t1 
        UNION ALL SELECT Member_Code, Member_TotalPurchase, Member_TotalScore FROM memmaster_temp) tbl
        GROUP BY Member_Code, Member_TotalPurchase, Member_TotalScore HAVING count(*) = 1 
        ORDER BY Member_Code;
2020-11-19 23:36:02:362 info: GET /api/redeem 200
2020-11-19 23:36:02:362 info: redeem:SYNC_UPLOAD
2020-11-19 23:36:02:362 info: redeem:syncData
2020-11-19 23:36:02:362 debug: SELECT redeem_code, bill_no FROM 
        (SELECT redeem_code, bill_no FROM redeem t1 
        UNION ALL SELECT redeem_code, bill_no FROM redeem_temp) tbl
        GROUP BY redeem_code, bill_no HAVING count(*) = 1 
        ORDER BY bill_no;
2020-11-19 23:36:04:364 info: POST /api/redeem 200
2020-11-19 23:36:04:364 info: redeem:POST
2020-11-19 23:36:04:364 info: redeem:create: [object Object]
2020-11-19 23:36:04:364 info: redeem:getQuery: [object Object]
2020-11-19 23:36:04:364 debug: INSERT INTO redeem SET ?;
2020-11-19 23:36:04:364 info: redeem:createTemp: 9DBC-ULX5-JNMH
2020-11-19 23:36:04:364 debug: INSERT INTO redeem_temp select * from redeem where redeem_code = ?;
2020-11-19 23:36:12:3612 info: GET /api/member 200
2020-11-19 23:36:12:3612 info: member:SYNC_UPLOAD
2020-11-19 23:36:12:3612 info: member:syncData
2020-11-19 23:36:12:3612 debug: SELECT Member_Code, Member_TotalPurchase, Member_TotalScore FROM 
        (SELECT Member_Code, Member_TotalPurchase, Member_TotalScore FROM memmaster t1 
        UNION ALL SELECT Member_Code, Member_TotalPurchase, Member_TotalScore FROM memmaster_temp) tbl
        GROUP BY Member_Code, Member_TotalPurchase, Member_TotalScore HAVING count(*) = 1 
        ORDER BY Member_Code;
2020-11-19 23:36:12:3612 info: GET /api/redeem 200
2020-11-19 23:36:12:3612 info: redeem:SYNC_UPLOAD
2020-11-19 23:36:12:3612 info: redeem:syncData
2020-11-19 23:36:12:3612 debug: SELECT redeem_code, bill_no FROM 
        (SELECT redeem_code, bill_no FROM redeem t1 
        UNION ALL SELECT redeem_code, bill_no FROM redeem_temp) tbl
        GROUP BY redeem_code, bill_no HAVING count(*) = 1 
        ORDER BY bill_no;
2020-11-19 23:36:22:3622 info: GET /api/member 200
2020-11-19 23:36:22:3622 info: member:SYNC_UPLOAD
2020-11-19 23:36:22:3622 info: member:syncData
2020-11-19 23:36:22:3622 debug: SELECT Member_Code, Member_TotalPurchase, Member_TotalScore FROM 
        (SELECT Member_Code, Member_TotalPurchase, Member_TotalScore FROM memmaster t1 
        UNION ALL SELECT Member_Code, Member_TotalPurchase, Member_TotalScore FROM memmaster_temp) tbl
        GROUP BY Member_Code, Member_TotalPurchase, Member_TotalScore HAVING count(*) = 1 
        ORDER BY Member_Code;
2020-11-19 23:36:22:3622 info: GET /api/redeem 200
2020-11-19 23:36:22:3622 info: redeem:SYNC_UPLOAD
2020-11-19 23:36:22:3622 info: redeem:syncData
2020-11-19 23:36:22:3622 debug: SELECT redeem_code, bill_no FROM 
        (SELECT redeem_code, bill_no FROM redeem t1 
        UNION ALL SELECT redeem_code, bill_no FROM redeem_temp) tbl
        GROUP BY redeem_code, bill_no HAVING count(*) = 1 
        ORDER BY bill_no;
2020-11-19 23:36:32:3632 info: GET /api/member 200
2020-11-19 23:36:32:3632 info: member:SYNC_UPLOAD
2020-11-19 23:36:32:3632 info: member:syncData
2020-11-19 23:36:32:3632 debug: SELECT Member_Code, Member_TotalPurchase, Member_TotalScore FROM 
        (SELECT Member_Code, Member_TotalPurchase, Member_TotalScore FROM memmaster t1 
        UNION ALL SELECT Member_Code, Member_TotalPurchase, Member_TotalScore FROM memmaster_temp) tbl
        GROUP BY Member_Code, Member_TotalPurchase, Member_TotalScore HAVING count(*) = 1 
        ORDER BY Member_Code;
2020-11-19 23:36:32:3632 info: GET /api/redeem 200
2020-11-19 23:36:32:3632 info: redeem:SYNC_UPLOAD
2020-11-19 23:36:32:3632 info: redeem:syncData
2020-11-19 23:36:32:3632 debug: SELECT redeem_code, bill_no FROM 
        (SELECT redeem_code, bill_no FROM redeem t1 
        UNION ALL SELECT redeem_code, bill_no FROM redeem_temp) tbl
        GROUP BY redeem_code, bill_no HAVING count(*) = 1 
        ORDER BY bill_no;
2020-11-19 23:36:32:3632 info: redeem:findByRedeemCode: 9DBC-ULX5-JNMH
2020-11-19 23:36:32:3632 debug: select * from redeem where redeem_code=?;
2020-11-19 23:36:32:3632 info: redeem:deleteTemp: 9DBC-ULX5-JNMH
2020-11-19 23:36:32:3632 debug: DELETE FROM redeem_temp WHERE redeem_code = ?;
2020-11-19 23:36:32:3632 info: GET /api/member/server 200
2020-11-19 23:36:32:3632 info: member:GET_SERVER
2020-11-19 23:36:32:3632 info: redeem:createTemp: 9DBC-ULX5-JNMH
2020-11-19 23:36:32:3632 debug: INSERT INTO redeem_temp select * from redeem where redeem_code = ?;
2020-11-19 23:36:32:3632 info: member:createOrUpdate
2020-11-19 23:36:32:3632 info: member:getQuery: [object Object]
2020-11-19 23:36:32:3632 info: member:getQuery: [object Object]
2020-11-19 23:36:32:3632 info: member:getQuery: [object Object]
2020-11-19 23:36:32:3632 info: member:getQuery: [object Object]
2020-11-19 23:36:32:3632 info: member:bulkInsert: [object Object],[object Object],[object Object],[object Object]
2020-11-19 23:36:32:3632 debug: INSERT INTO memmaster (Member_Code,Member_NameThai,Member_HomeTel,Member_Email,Member_Brithday,Member_ExpiredDate,Member_AppliedDate,Member_LastDateService,Employee_CreateDate,Employee_ModifyDate,Member_TotalPurchase,Member_Mobile,Member_PointExpiredDate,Member_TotalScore,Member_TitleNameThai,Member_SurnameThai,Member_Active,System_Created,System_Updated) VALUES ? 
        ON DUPLICATE KEY 
        UPDATE 
        Member_TotalPurchase=VALUES(Member_TotalPurchase), 
        Member_TotalScore=VALUES(Member_TotalScore)
2020-11-19 23:36:32:3632 info: member:bulkInsertTemp: [object Object],[object Object],[object Object],[object Object]
2020-11-19 23:36:32:3632 debug: INSERT INTO memmaster_temp (Member_Code,Member_NameThai,Member_HomeTel,Member_Email,Member_Brithday,Member_ExpiredDate,Member_AppliedDate,Member_LastDateService,Employee_CreateDate,Employee_ModifyDate,Member_TotalPurchase,Member_Mobile,Member_PointExpiredDate,Member_TotalScore,Member_TitleNameThai,Member_SurnameThai,Member_Active,System_Created,System_Updated) VALUES ? 
        ON DUPLICATE KEY 
        UPDATE 
        Member_TotalPurchase=VALUES(Member_TotalPurchase), 
        Member_TotalScore=VALUES(Member_TotalScore)
2020-11-19 23:36:32:3632 info: GET /api/redeem/server 200
2020-11-19 23:36:32:3632 info: redeem:GET_SERVER
2020-11-19 23:36:32:3632 info: redeem:createOrUpdate
2020-11-19 23:36:32:3632 info: redeem:getQuery: [object Object]
2020-11-19 23:36:32:3632 info: redeem:getQuery: [object Object]
2020-11-19 23:36:32:3632 info: redeem:bulkInsert: [object Object],[object Object]
2020-11-19 23:36:32:3632 debug: INSERT INTO redeem (uuid_index,redeem_code,product_code,redeem_name,point_to_redeem,use_in_branch,emp_code_redeem,member_code_use,qty_in_use,system_create,redeem_date,in_time,status_use,active,redeem_or_free,discount_amt,discount_percent) VALUES ? 
        ON DUPLICATE KEY UPDATE uuid_index=uuid_index;
2020-11-19 23:36:32:3632 info: redeem:bulkInsertTemp: [object Object],[object Object]
2020-11-19 23:36:32:3632 debug: INSERT INTO redeem_temp (uuid_index,redeem_code,product_code,redeem_name,point_to_redeem,use_in_branch,emp_code_redeem,member_code_use,qty_in_use,system_create,redeem_date,in_time,status_use,active,redeem_or_free,discount_amt,discount_percent) VALUES ? 
        ON DUPLICATE KEY UPDATE uuid_index=uuid_index;
2020-11-19 23:36:42:3642 info: GET /api/member 200
2020-11-19 23:36:42:3642 info: member:SYNC_UPLOAD
2020-11-19 23:36:42:3642 info: member:syncData
2020-11-19 23:36:42:3642 debug: SELECT Member_Code, Member_TotalPurchase, Member_TotalScore FROM 
        (SELECT Member_Code, Member_TotalPurchase, Member_TotalScore FROM memmaster t1 
        UNION ALL SELECT Member_Code, Member_TotalPurchase, Member_TotalScore FROM memmaster_temp) tbl
        GROUP BY Member_Code, Member_TotalPurchase, Member_TotalScore HAVING count(*) = 1 
        ORDER BY Member_Code;
2020-11-19 23:36:42:3642 info: GET /api/redeem 200
2020-11-19 23:36:42:3642 info: redeem:SYNC_UPLOAD
2020-11-19 23:36:42:3642 info: redeem:syncData
2020-11-19 23:36:42:3642 debug: SELECT redeem_code, bill_no FROM 
        (SELECT redeem_code, bill_no FROM redeem t1 
        UNION ALL SELECT redeem_code, bill_no FROM redeem_temp) tbl
        GROUP BY redeem_code, bill_no HAVING count(*) = 1 
        ORDER BY bill_no;
2020-11-19 23:36:52:3652 info: GET /api/member 200
2020-11-19 23:36:52:3652 info: member:SYNC_UPLOAD
2020-11-19 23:36:52:3652 info: member:syncData
2020-11-19 23:36:52:3652 debug: SELECT Member_Code, Member_TotalPurchase, Member_TotalScore FROM 
        (SELECT Member_Code, Member_TotalPurchase, Member_TotalScore FROM memmaster t1 
        UNION ALL SELECT Member_Code, Member_TotalPurchase, Member_TotalScore FROM memmaster_temp) tbl
        GROUP BY Member_Code, Member_TotalPurchase, Member_TotalScore HAVING count(*) = 1 
        ORDER BY Member_Code;
2020-11-19 23:36:52:3652 info: GET /api/redeem 200
2020-11-19 23:36:52:3652 info: redeem:SYNC_UPLOAD
2020-11-19 23:36:52:3652 info: redeem:syncData
2020-11-19 23:36:52:3652 debug: SELECT redeem_code, bill_no FROM 
        (SELECT redeem_code, bill_no FROM redeem t1 
        UNION ALL SELECT redeem_code, bill_no FROM redeem_temp) tbl
        GROUP BY redeem_code, bill_no HAVING count(*) = 1 
        ORDER BY bill_no;
2020-11-19 23:37:02:372 info: GET /api/member 200
2020-11-19 23:37:02:372 info: member:SYNC_UPLOAD
2020-11-19 23:37:02:372 info: member:syncData
2020-11-19 23:37:02:372 debug: SELECT Member_Code, Member_TotalPurchase, Member_TotalScore FROM 
        (SELECT Member_Code, Member_TotalPurchase, Member_TotalScore FROM memmaster t1 
        UNION ALL SELECT Member_Code, Member_TotalPurchase, Member_TotalScore FROM memmaster_temp) tbl
        GROUP BY Member_Code, Member_TotalPurchase, Member_TotalScore HAVING count(*) = 1 
        ORDER BY Member_Code;
2020-11-19 23:37:02:372 info: GET /api/redeem 200
2020-11-19 23:37:02:372 info: redeem:SYNC_UPLOAD
2020-11-19 23:37:02:372 info: redeem:syncData
2020-11-19 23:37:02:372 debug: SELECT redeem_code, bill_no FROM 
        (SELECT redeem_code, bill_no FROM redeem t1 
        UNION ALL SELECT redeem_code, bill_no FROM redeem_temp) tbl
        GROUP BY redeem_code, bill_no HAVING count(*) = 1 
        ORDER BY bill_no;
2020-11-19 23:37:12:3712 info: GET /api/member 200
2020-11-19 23:37:12:3712 info: member:SYNC_UPLOAD
2020-11-19 23:37:12:3712 info: member:syncData
2020-11-19 23:37:12:3712 debug: SELECT Member_Code, Member_TotalPurchase, Member_TotalScore FROM 
        (SELECT Member_Code, Member_TotalPurchase, Member_TotalScore FROM memmaster t1 
        UNION ALL SELECT Member_Code, Member_TotalPurchase, Member_TotalScore FROM memmaster_temp) tbl
        GROUP BY Member_Code, Member_TotalPurchase, Member_TotalScore HAVING count(*) = 1 
        ORDER BY Member_Code;
2020-11-19 23:37:12:3712 info: GET /api/redeem 200
2020-11-19 23:37:12:3712 info: redeem:SYNC_UPLOAD
2020-11-19 23:37:12:3712 info: redeem:syncData
2020-11-19 23:37:12:3712 debug: SELECT redeem_code, bill_no FROM 
        (SELECT redeem_code, bill_no FROM redeem t1 
        UNION ALL SELECT redeem_code, bill_no FROM redeem_temp) tbl
        GROUP BY redeem_code, bill_no HAVING count(*) = 1 
        ORDER BY bill_no;
2020-11-19 23:37:22:3722 info: GET /api/member 200
2020-11-19 23:37:22:3722 info: member:SYNC_UPLOAD
2020-11-19 23:37:22:3722 info: member:syncData
2020-11-19 23:37:22:3722 debug: SELECT Member_Code, Member_TotalPurchase, Member_TotalScore FROM 
        (SELECT Member_Code, Member_TotalPurchase, Member_TotalScore FROM memmaster t1 
        UNION ALL SELECT Member_Code, Member_TotalPurchase, Member_TotalScore FROM memmaster_temp) tbl
        GROUP BY Member_Code, Member_TotalPurchase, Member_TotalScore HAVING count(*) = 1 
        ORDER BY Member_Code;
2020-11-19 23:37:22:3722 info: GET /api/redeem 200
2020-11-19 23:37:22:3722 info: redeem:SYNC_UPLOAD
2020-11-19 23:37:22:3722 info: redeem:syncData
2020-11-19 23:37:22:3722 debug: SELECT redeem_code, bill_no FROM 
        (SELECT redeem_code, bill_no FROM redeem t1 
        UNION ALL SELECT redeem_code, bill_no FROM redeem_temp) tbl
        GROUP BY redeem_code, bill_no HAVING count(*) = 1 
        ORDER BY bill_no;
2020-11-19 23:37:32:3732 info: GET /api/member 200
2020-11-19 23:37:32:3732 info: member:SYNC_UPLOAD
2020-11-19 23:37:32:3732 info: member:syncData
2020-11-19 23:37:32:3732 debug: SELECT Member_Code, Member_TotalPurchase, Member_TotalScore FROM 
        (SELECT Member_Code, Member_TotalPurchase, Member_TotalScore FROM memmaster t1 
        UNION ALL SELECT Member_Code, Member_TotalPurchase, Member_TotalScore FROM memmaster_temp) tbl
        GROUP BY Member_Code, Member_TotalPurchase, Member_TotalScore HAVING count(*) = 1 
        ORDER BY Member_Code;
2020-11-19 23:37:32:3732 info: GET /api/redeem 200
2020-11-19 23:37:32:3732 info: redeem:SYNC_UPLOAD
2020-11-19 23:37:32:3732 info: redeem:syncData
2020-11-19 23:37:32:3732 debug: SELECT redeem_code, bill_no FROM 
        (SELECT redeem_code, bill_no FROM redeem t1 
        UNION ALL SELECT redeem_code, bill_no FROM redeem_temp) tbl
        GROUP BY redeem_code, bill_no HAVING count(*) = 1 
        ORDER BY bill_no;
2020-11-19 23:37:42:3742 info: GET /api/member 200
2020-11-19 23:37:42:3742 info: member:SYNC_UPLOAD
2020-11-19 23:37:42:3742 info: member:syncData
2020-11-19 23:37:42:3742 debug: SELECT Member_Code, Member_TotalPurchase, Member_TotalScore FROM 
        (SELECT Member_Code, Member_TotalPurchase, Member_TotalScore FROM memmaster t1 
        UNION ALL SELECT Member_Code, Member_TotalPurchase, Member_TotalScore FROM memmaster_temp) tbl
        GROUP BY Member_Code, Member_TotalPurchase, Member_TotalScore HAVING count(*) = 1 
        ORDER BY Member_Code;
2020-11-19 23:37:42:3742 info: GET /api/redeem 200
2020-11-19 23:37:42:3742 info: redeem:SYNC_UPLOAD
2020-11-19 23:37:42:3742 info: redeem:syncData
2020-11-19 23:37:42:3742 debug: SELECT redeem_code, bill_no FROM 
        (SELECT redeem_code, bill_no FROM redeem t1 
        UNION ALL SELECT redeem_code, bill_no FROM redeem_temp) tbl
        GROUP BY redeem_code, bill_no HAVING count(*) = 1 
        ORDER BY bill_no;
2020-11-19 23:37:52:3752 info: GET /api/member 200
2020-11-19 23:37:52:3752 info: member:SYNC_UPLOAD
2020-11-19 23:37:52:3752 info: member:syncData
2020-11-19 23:37:52:3752 debug: SELECT Member_Code, Member_TotalPurchase, Member_TotalScore FROM 
        (SELECT Member_Code, Member_TotalPurchase, Member_TotalScore FROM memmaster t1 
        UNION ALL SELECT Member_Code, Member_TotalPurchase, Member_TotalScore FROM memmaster_temp) tbl
        GROUP BY Member_Code, Member_TotalPurchase, Member_TotalScore HAVING count(*) = 1 
        ORDER BY Member_Code;
2020-11-19 23:37:52:3752 info: GET /api/redeem 200
2020-11-19 23:37:52:3752 info: redeem:SYNC_UPLOAD
2020-11-19 23:37:52:3752 info: redeem:syncData
2020-11-19 23:37:52:3752 debug: SELECT redeem_code, bill_no FROM 
        (SELECT redeem_code, bill_no FROM redeem t1 
        UNION ALL SELECT redeem_code, bill_no FROM redeem_temp) tbl
        GROUP BY redeem_code, bill_no HAVING count(*) = 1 
        ORDER BY bill_no;
2020-11-19 23:38:02:382 info: GET /api/member 200
2020-11-19 23:38:02:382 info: member:SYNC_UPLOAD
2020-11-19 23:38:02:382 info: member:syncData
2020-11-19 23:38:02:382 debug: SELECT Member_Code, Member_TotalPurchase, Member_TotalScore FROM 
        (SELECT Member_Code, Member_TotalPurchase, Member_TotalScore FROM memmaster t1 
        UNION ALL SELECT Member_Code, Member_TotalPurchase, Member_TotalScore FROM memmaster_temp) tbl
        GROUP BY Member_Code, Member_TotalPurchase, Member_TotalScore HAVING count(*) = 1 
        ORDER BY Member_Code;
2020-11-19 23:38:02:382 info: GET /api/redeem 200
2020-11-19 23:38:02:382 info: redeem:SYNC_UPLOAD
2020-11-19 23:38:02:382 info: redeem:syncData
2020-11-19 23:38:02:382 debug: SELECT redeem_code, bill_no FROM 
        (SELECT redeem_code, bill_no FROM redeem t1 
        UNION ALL SELECT redeem_code, bill_no FROM redeem_temp) tbl
        GROUP BY redeem_code, bill_no HAVING count(*) = 1 
        ORDER BY bill_no;
2020-11-19 23:38:12:3812 info: GET /api/member 200
2020-11-19 23:38:12:3812 info: member:SYNC_UPLOAD
2020-11-19 23:38:12:3812 info: member:syncData
2020-11-19 23:38:12:3812 debug: SELECT Member_Code, Member_TotalPurchase, Member_TotalScore FROM 
        (SELECT Member_Code, Member_TotalPurchase, Member_TotalScore FROM memmaster t1 
        UNION ALL SELECT Member_Code, Member_TotalPurchase, Member_TotalScore FROM memmaster_temp) tbl
        GROUP BY Member_Code, Member_TotalPurchase, Member_TotalScore HAVING count(*) = 1 
        ORDER BY Member_Code;
2020-11-19 23:38:12:3812 info: GET /api/redeem 200
2020-11-19 23:38:12:3812 info: redeem:SYNC_UPLOAD
2020-11-19 23:38:12:3812 info: redeem:syncData
2020-11-19 23:38:12:3812 debug: SELECT redeem_code, bill_no FROM 
        (SELECT redeem_code, bill_no FROM redeem t1 
        UNION ALL SELECT redeem_code, bill_no FROM redeem_temp) tbl
        GROUP BY redeem_code, bill_no HAVING count(*) = 1 
        ORDER BY bill_no;
2020-11-19 23:38:22:3822 info: GET /api/member 200
2020-11-19 23:38:22:3822 info: member:SYNC_UPLOAD
2020-11-19 23:38:22:3822 info: member:syncData
2020-11-19 23:38:22:3822 debug: SELECT Member_Code, Member_TotalPurchase, Member_TotalScore FROM 
        (SELECT Member_Code, Member_TotalPurchase, Member_TotalScore FROM memmaster t1 
        UNION ALL SELECT Member_Code, Member_TotalPurchase, Member_TotalScore FROM memmaster_temp) tbl
        GROUP BY Member_Code, Member_TotalPurchase, Member_TotalScore HAVING count(*) = 1 
        ORDER BY Member_Code;
2020-11-19 23:38:22:3822 info: GET /api/redeem 200
2020-11-19 23:38:22:3822 info: redeem:SYNC_UPLOAD
2020-11-19 23:38:22:3822 info: redeem:syncData
2020-11-19 23:38:22:3822 debug: SELECT redeem_code, bill_no FROM 
        (SELECT redeem_code, bill_no FROM redeem t1 
        UNION ALL SELECT redeem_code, bill_no FROM redeem_temp) tbl
        GROUP BY redeem_code, bill_no HAVING count(*) = 1 
        ORDER BY bill_no;
2020-11-19 23:38:32:3832 info: GET /api/member 200
2020-11-19 23:38:32:3832 info: member:SYNC_UPLOAD
2020-11-19 23:38:32:3832 info: member:syncData
2020-11-19 23:38:32:3832 debug: SELECT Member_Code, Member_TotalPurchase, Member_TotalScore FROM 
        (SELECT Member_Code, Member_TotalPurchase, Member_TotalScore FROM memmaster t1 
        UNION ALL SELECT Member_Code, Member_TotalPurchase, Member_TotalScore FROM memmaster_temp) tbl
        GROUP BY Member_Code, Member_TotalPurchase, Member_TotalScore HAVING count(*) = 1 
        ORDER BY Member_Code;
2020-11-19 23:38:32:3832 info: GET /api/redeem 200
2020-11-19 23:38:32:3832 info: redeem:SYNC_UPLOAD
2020-11-19 23:38:32:3832 info: redeem:syncData
2020-11-19 23:38:32:3832 debug: SELECT redeem_code, bill_no FROM 
        (SELECT redeem_code, bill_no FROM redeem t1 
        UNION ALL SELECT redeem_code, bill_no FROM redeem_temp) tbl
        GROUP BY redeem_code, bill_no HAVING count(*) = 1 
        ORDER BY bill_no;
2020-11-19 23:38:42:3842 info: GET /api/member 200
2020-11-19 23:38:42:3842 info: member:SYNC_UPLOAD
2020-11-19 23:38:42:3842 info: member:syncData
2020-11-19 23:38:42:3842 debug: SELECT Member_Code, Member_TotalPurchase, Member_TotalScore FROM 
        (SELECT Member_Code, Member_TotalPurchase, Member_TotalScore FROM memmaster t1 
        UNION ALL SELECT Member_Code, Member_TotalPurchase, Member_TotalScore FROM memmaster_temp) tbl
        GROUP BY Member_Code, Member_TotalPurchase, Member_TotalScore HAVING count(*) = 1 
        ORDER BY Member_Code;
2020-11-19 23:38:42:3842 info: GET /api/redeem 200
2020-11-19 23:38:42:3842 info: redeem:SYNC_UPLOAD
2020-11-19 23:38:42:3842 info: redeem:syncData
2020-11-19 23:38:42:3842 debug: SELECT redeem_code, bill_no FROM 
        (SELECT redeem_code, bill_no FROM redeem t1 
        UNION ALL SELECT redeem_code, bill_no FROM redeem_temp) tbl
        GROUP BY redeem_code, bill_no HAVING count(*) = 1 
        ORDER BY bill_no;
2020-11-19 23:38:52:3852 info: GET /api/member 200
2020-11-19 23:38:52:3852 info: member:SYNC_UPLOAD
2020-11-19 23:38:52:3852 info: member:syncData
2020-11-19 23:38:52:3852 debug: SELECT Member_Code, Member_TotalPurchase, Member_TotalScore FROM 
        (SELECT Member_Code, Member_TotalPurchase, Member_TotalScore FROM memmaster t1 
        UNION ALL SELECT Member_Code, Member_TotalPurchase, Member_TotalScore FROM memmaster_temp) tbl
        GROUP BY Member_Code, Member_TotalPurchase, Member_TotalScore HAVING count(*) = 1 
        ORDER BY Member_Code;
2020-11-19 23:38:52:3852 info: GET /api/redeem 200
2020-11-19 23:38:52:3852 info: redeem:SYNC_UPLOAD
2020-11-19 23:38:52:3852 info: redeem:syncData
2020-11-19 23:38:52:3852 debug: SELECT redeem_code, bill_no FROM 
        (SELECT redeem_code, bill_no FROM redeem t1 
        UNION ALL SELECT redeem_code, bill_no FROM redeem_temp) tbl
        GROUP BY redeem_code, bill_no HAVING count(*) = 1 
        ORDER BY bill_no;
2020-11-19 23:39:02:392 info: GET /api/member 200
2020-11-19 23:39:02:392 info: member:SYNC_UPLOAD
2020-11-19 23:39:02:392 info: member:syncData
2020-11-19 23:39:02:392 debug: SELECT Member_Code, Member_TotalPurchase, Member_TotalScore FROM 
        (SELECT Member_Code, Member_TotalPurchase, Member_TotalScore FROM memmaster t1 
        UNION ALL SELECT Member_Code, Member_TotalPurchase, Member_TotalScore FROM memmaster_temp) tbl
        GROUP BY Member_Code, Member_TotalPurchase, Member_TotalScore HAVING count(*) = 1 
        ORDER BY Member_Code;
2020-11-19 23:39:02:392 info: GET /api/redeem 200
2020-11-19 23:39:02:392 info: redeem:SYNC_UPLOAD
2020-11-19 23:39:02:392 info: redeem:syncData
2020-11-19 23:39:02:392 debug: SELECT redeem_code, bill_no FROM 
        (SELECT redeem_code, bill_no FROM redeem t1 
        UNION ALL SELECT redeem_code, bill_no FROM redeem_temp) tbl
        GROUP BY redeem_code, bill_no HAVING count(*) = 1 
        ORDER BY bill_no;
2020-11-19 23:39:12:3912 info: GET /api/member 200
2020-11-19 23:39:12:3912 info: member:SYNC_UPLOAD
2020-11-19 23:39:12:3912 info: member:syncData
2020-11-19 23:39:12:3912 debug: SELECT Member_Code, Member_TotalPurchase, Member_TotalScore FROM 
        (SELECT Member_Code, Member_TotalPurchase, Member_TotalScore FROM memmaster t1 
        UNION ALL SELECT Member_Code, Member_TotalPurchase, Member_TotalScore FROM memmaster_temp) tbl
        GROUP BY Member_Code, Member_TotalPurchase, Member_TotalScore HAVING count(*) = 1 
        ORDER BY Member_Code;
2020-11-19 23:39:12:3912 info: GET /api/redeem 200
2020-11-19 23:39:12:3912 info: redeem:SYNC_UPLOAD
2020-11-19 23:39:12:3912 info: redeem:syncData
2020-11-19 23:39:12:3912 debug: SELECT redeem_code, bill_no FROM 
        (SELECT redeem_code, bill_no FROM redeem t1 
        UNION ALL SELECT redeem_code, bill_no FROM redeem_temp) tbl
        GROUP BY redeem_code, bill_no HAVING count(*) = 1 
        ORDER BY bill_no;
2020-11-19 23:39:22:3922 info: GET /api/member 200
2020-11-19 23:39:22:3922 info: member:SYNC_UPLOAD
2020-11-19 23:39:22:3922 info: member:syncData
2020-11-19 23:39:22:3922 debug: SELECT Member_Code, Member_TotalPurchase, Member_TotalScore FROM 
        (SELECT Member_Code, Member_TotalPurchase, Member_TotalScore FROM memmaster t1 
        UNION ALL SELECT Member_Code, Member_TotalPurchase, Member_TotalScore FROM memmaster_temp) tbl
        GROUP BY Member_Code, Member_TotalPurchase, Member_TotalScore HAVING count(*) = 1 
        ORDER BY Member_Code;
2020-11-19 23:39:22:3922 info: GET /api/redeem 200
2020-11-19 23:39:22:3922 info: redeem:SYNC_UPLOAD
2020-11-19 23:39:22:3922 info: redeem:syncData
2020-11-19 23:39:22:3922 debug: SELECT redeem_code, bill_no FROM 
        (SELECT redeem_code, bill_no FROM redeem t1 
        UNION ALL SELECT redeem_code, bill_no FROM redeem_temp) tbl
        GROUP BY redeem_code, bill_no HAVING count(*) = 1 
        ORDER BY bill_no;
2020-11-19 23:39:32:3932 info: GET /api/member 200
2020-11-19 23:39:32:3932 info: member:SYNC_UPLOAD
2020-11-19 23:39:32:3932 info: member:syncData
2020-11-19 23:39:32:3932 debug: SELECT Member_Code, Member_TotalPurchase, Member_TotalScore FROM 
        (SELECT Member_Code, Member_TotalPurchase, Member_TotalScore FROM memmaster t1 
        UNION ALL SELECT Member_Code, Member_TotalPurchase, Member_TotalScore FROM memmaster_temp) tbl
        GROUP BY Member_Code, Member_TotalPurchase, Member_TotalScore HAVING count(*) = 1 
        ORDER BY Member_Code;
2020-11-19 23:39:32:3932 info: GET /api/redeem 200
2020-11-19 23:39:32:3932 info: redeem:SYNC_UPLOAD
2020-11-19 23:39:32:3932 info: redeem:syncData
2020-11-19 23:39:32:3932 debug: SELECT redeem_code, bill_no FROM 
        (SELECT redeem_code, bill_no FROM redeem t1 
        UNION ALL SELECT redeem_code, bill_no FROM redeem_temp) tbl
        GROUP BY redeem_code, bill_no HAVING count(*) = 1 
        ORDER BY bill_no;
2020-11-19 23:39:39:3939 info: POST /api/redeem 200
2020-11-19 23:39:39:3939 info: redeem:POST
2020-11-19 23:39:39:3939 info: redeem:create: [object Object]
2020-11-19 23:39:39:3939 info: redeem:getQuery: [object Object]
2020-11-19 23:39:39:3939 debug: INSERT INTO redeem SET ?;
2020-11-19 23:39:39:3939 info: redeem:createTemp: RWKQ-RK8H-1XJC
2020-11-19 23:39:39:3939 debug: INSERT INTO redeem_temp select * from redeem where redeem_code = ?;
2020-11-19 23:39:42:3942 info: GET /api/member 200
2020-11-19 23:39:42:3942 info: member:SYNC_UPLOAD
2020-11-19 23:39:42:3942 info: member:syncData
2020-11-19 23:39:42:3942 debug: SELECT Member_Code, Member_TotalPurchase, Member_TotalScore FROM 
        (SELECT Member_Code, Member_TotalPurchase, Member_TotalScore FROM memmaster t1 
        UNION ALL SELECT Member_Code, Member_TotalPurchase, Member_TotalScore FROM memmaster_temp) tbl
        GROUP BY Member_Code, Member_TotalPurchase, Member_TotalScore HAVING count(*) = 1 
        ORDER BY Member_Code;
2020-11-19 23:39:42:3942 info: GET /api/redeem 200
2020-11-19 23:39:42:3942 info: redeem:SYNC_UPLOAD
2020-11-19 23:39:42:3942 info: redeem:syncData
2020-11-19 23:39:42:3942 debug: SELECT redeem_code, bill_no FROM 
        (SELECT redeem_code, bill_no FROM redeem t1 
        UNION ALL SELECT redeem_code, bill_no FROM redeem_temp) tbl
        GROUP BY redeem_code, bill_no HAVING count(*) = 1 
        ORDER BY bill_no;
2020-11-19 23:39:52:3952 info: GET /api/member 200
2020-11-19 23:39:52:3952 info: member:SYNC_UPLOAD
2020-11-19 23:39:52:3952 info: member:syncData
2020-11-19 23:39:52:3952 debug: SELECT Member_Code, Member_TotalPurchase, Member_TotalScore FROM 
        (SELECT Member_Code, Member_TotalPurchase, Member_TotalScore FROM memmaster t1 
        UNION ALL SELECT Member_Code, Member_TotalPurchase, Member_TotalScore FROM memmaster_temp) tbl
        GROUP BY Member_Code, Member_TotalPurchase, Member_TotalScore HAVING count(*) = 1 
        ORDER BY Member_Code;
2020-11-19 23:39:52:3952 info: GET /api/redeem 200
2020-11-19 23:39:52:3952 info: redeem:SYNC_UPLOAD
2020-11-19 23:39:52:3952 info: redeem:syncData
2020-11-19 23:39:52:3952 debug: SELECT redeem_code, bill_no FROM 
        (SELECT redeem_code, bill_no FROM redeem t1 
        UNION ALL SELECT redeem_code, bill_no FROM redeem_temp) tbl
        GROUP BY redeem_code, bill_no HAVING count(*) = 1 
        ORDER BY bill_no;
2020-11-19 23:40:02:402 info: GET /api/member 200
2020-11-19 23:40:02:402 info: member:SYNC_UPLOAD
2020-11-19 23:40:02:402 info: member:syncData
2020-11-19 23:40:02:402 debug: SELECT Member_Code, Member_TotalPurchase, Member_TotalScore FROM 
        (SELECT Member_Code, Member_TotalPurchase, Member_TotalScore FROM memmaster t1 
        UNION ALL SELECT Member_Code, Member_TotalPurchase, Member_TotalScore FROM memmaster_temp) tbl
        GROUP BY Member_Code, Member_TotalPurchase, Member_TotalScore HAVING count(*) = 1 
        ORDER BY Member_Code;
2020-11-19 23:40:02:402 info: GET /api/redeem 200
2020-11-19 23:40:02:402 info: redeem:SYNC_UPLOAD
2020-11-19 23:40:02:402 info: redeem:syncData
2020-11-19 23:40:02:402 debug: SELECT redeem_code, bill_no FROM 
        (SELECT redeem_code, bill_no FROM redeem t1 
        UNION ALL SELECT redeem_code, bill_no FROM redeem_temp) tbl
        GROUP BY redeem_code, bill_no HAVING count(*) = 1 
        ORDER BY bill_no;
2020-11-19 23:40:02:402 info: redeem:findByRedeemCode: RWKQ-RK8H-1XJC
2020-11-19 23:40:02:402 debug: select * from redeem where redeem_code=?;
2020-11-19 23:40:02:402 info: redeem:deleteTemp: RWKQ-RK8H-1XJC
2020-11-19 23:40:02:402 debug: DELETE FROM redeem_temp WHERE redeem_code = ?;
2020-11-19 23:40:02:402 info: GET /api/member/server 200
2020-11-19 23:40:02:402 info: member:GET_SERVER
2020-11-19 23:40:02:402 info: redeem:createTemp: RWKQ-RK8H-1XJC
2020-11-19 23:40:02:402 debug: INSERT INTO redeem_temp select * from redeem where redeem_code = ?;
2020-11-19 23:40:02:402 info: member:createOrUpdate
2020-11-19 23:40:02:402 info: member:getQuery: [object Object]
2020-11-19 23:40:02:402 info: member:getQuery: [object Object]
2020-11-19 23:40:02:402 info: member:getQuery: [object Object]
2020-11-19 23:40:02:402 info: member:getQuery: [object Object]
2020-11-19 23:40:02:402 info: member:bulkInsert: [object Object],[object Object],[object Object],[object Object]
2020-11-19 23:40:02:402 debug: INSERT INTO memmaster (Member_Code,Member_NameThai,Member_HomeTel,Member_Email,Member_Brithday,Member_ExpiredDate,Member_AppliedDate,Member_LastDateService,Employee_CreateDate,Employee_ModifyDate,Member_TotalPurchase,Member_Mobile,Member_PointExpiredDate,Member_TotalScore,Member_TitleNameThai,Member_SurnameThai,Member_Active,System_Created,System_Updated) VALUES ? 
        ON DUPLICATE KEY 
        UPDATE 
        Member_TotalPurchase=VALUES(Member_TotalPurchase), 
        Member_TotalScore=VALUES(Member_TotalScore)
2020-11-19 23:40:02:402 info: member:bulkInsertTemp: [object Object],[object Object],[object Object],[object Object]
2020-11-19 23:40:02:402 debug: INSERT INTO memmaster_temp (Member_Code,Member_NameThai,Member_HomeTel,Member_Email,Member_Brithday,Member_ExpiredDate,Member_AppliedDate,Member_LastDateService,Employee_CreateDate,Employee_ModifyDate,Member_TotalPurchase,Member_Mobile,Member_PointExpiredDate,Member_TotalScore,Member_TitleNameThai,Member_SurnameThai,Member_Active,System_Created,System_Updated) VALUES ? 
        ON DUPLICATE KEY 
        UPDATE 
        Member_TotalPurchase=VALUES(Member_TotalPurchase), 
        Member_TotalScore=VALUES(Member_TotalScore)
2020-11-19 23:40:02:402 info: GET /api/redeem/server 200
2020-11-19 23:40:02:402 info: redeem:GET_SERVER
2020-11-19 23:40:02:402 info: redeem:createOrUpdate
2020-11-19 23:40:02:402 info: redeem:getQuery: [object Object]
2020-11-19 23:40:02:402 info: redeem:getQuery: [object Object]
2020-11-19 23:40:02:402 info: redeem:getQuery: [object Object]
2020-11-19 23:40:02:402 info: redeem:bulkInsert: [object Object],[object Object],[object Object]
2020-11-19 23:40:02:402 debug: INSERT INTO redeem (uuid_index,redeem_code,product_code,redeem_name,point_to_redeem,use_in_branch,emp_code_redeem,member_code_use,qty_in_use,system_create,redeem_date,in_time,status_use,active,redeem_or_free,discount_amt,discount_percent) VALUES ? 
        ON DUPLICATE KEY UPDATE uuid_index=uuid_index;
2020-11-19 23:40:02:402 info: redeem:bulkInsertTemp: [object Object],[object Object],[object Object]
2020-11-19 23:40:02:402 debug: INSERT INTO redeem_temp (uuid_index,redeem_code,product_code,redeem_name,point_to_redeem,use_in_branch,emp_code_redeem,member_code_use,qty_in_use,system_create,redeem_date,in_time,status_use,active,redeem_or_free,discount_amt,discount_percent) VALUES ? 
        ON DUPLICATE KEY UPDATE uuid_index=uuid_index;
2020-11-19 23:40:12:4012 info: GET /api/member 200
2020-11-19 23:40:12:4012 info: member:SYNC_UPLOAD
2020-11-19 23:40:12:4012 info: member:syncData
2020-11-19 23:40:12:4012 debug: SELECT Member_Code, Member_TotalPurchase, Member_TotalScore FROM 
        (SELECT Member_Code, Member_TotalPurchase, Member_TotalScore FROM memmaster t1 
        UNION ALL SELECT Member_Code, Member_TotalPurchase, Member_TotalScore FROM memmaster_temp) tbl
        GROUP BY Member_Code, Member_TotalPurchase, Member_TotalScore HAVING count(*) = 1 
        ORDER BY Member_Code;
2020-11-19 23:40:12:4012 info: GET /api/redeem 200
2020-11-19 23:40:12:4012 info: redeem:SYNC_UPLOAD
2020-11-19 23:40:12:4012 info: redeem:syncData
2020-11-19 23:40:12:4012 debug: SELECT redeem_code, bill_no FROM 
        (SELECT redeem_code, bill_no FROM redeem t1 
        UNION ALL SELECT redeem_code, bill_no FROM redeem_temp) tbl
        GROUP BY redeem_code, bill_no HAVING count(*) = 1 
        ORDER BY bill_no;
2020-11-19 23:40:22:4022 info: GET /api/member 200
2020-11-19 23:40:22:4022 info: member:SYNC_UPLOAD
2020-11-19 23:40:22:4022 info: member:syncData
2020-11-19 23:40:22:4022 debug: SELECT Member_Code, Member_TotalPurchase, Member_TotalScore FROM 
        (SELECT Member_Code, Member_TotalPurchase, Member_TotalScore FROM memmaster t1 
        UNION ALL SELECT Member_Code, Member_TotalPurchase, Member_TotalScore FROM memmaster_temp) tbl
        GROUP BY Member_Code, Member_TotalPurchase, Member_TotalScore HAVING count(*) = 1 
        ORDER BY Member_Code;
2020-11-19 23:40:22:4022 info: GET /api/redeem 200
2020-11-19 23:40:22:4022 info: redeem:SYNC_UPLOAD
2020-11-19 23:40:22:4022 info: redeem:syncData
2020-11-19 23:40:22:4022 debug: SELECT redeem_code, bill_no FROM 
        (SELECT redeem_code, bill_no FROM redeem t1 
        UNION ALL SELECT redeem_code, bill_no FROM redeem_temp) tbl
        GROUP BY redeem_code, bill_no HAVING count(*) = 1 
        ORDER BY bill_no;
2020-11-19 23:40:32:4032 info: GET /api/member 200
2020-11-19 23:40:32:4032 info: member:SYNC_UPLOAD
2020-11-19 23:40:32:4032 info: member:syncData
2020-11-19 23:40:32:4032 debug: SELECT Member_Code, Member_TotalPurchase, Member_TotalScore FROM 
        (SELECT Member_Code, Member_TotalPurchase, Member_TotalScore FROM memmaster t1 
        UNION ALL SELECT Member_Code, Member_TotalPurchase, Member_TotalScore FROM memmaster_temp) tbl
        GROUP BY Member_Code, Member_TotalPurchase, Member_TotalScore HAVING count(*) = 1 
        ORDER BY Member_Code;
2020-11-19 23:40:32:4032 info: GET /api/redeem 200
2020-11-19 23:40:32:4032 info: redeem:SYNC_UPLOAD
2020-11-19 23:40:32:4032 info: redeem:syncData
2020-11-19 23:40:32:4032 debug: SELECT redeem_code, bill_no FROM 
        (SELECT redeem_code, bill_no FROM redeem t1 
        UNION ALL SELECT redeem_code, bill_no FROM redeem_temp) tbl
        GROUP BY redeem_code, bill_no HAVING count(*) = 1 
        ORDER BY bill_no;
2020-11-19 23:40:42:4042 info: GET /api/member 200
2020-11-19 23:40:42:4042 info: member:SYNC_UPLOAD
2020-11-19 23:40:42:4042 info: member:syncData
2020-11-19 23:40:42:4042 debug: SELECT Member_Code, Member_TotalPurchase, Member_TotalScore FROM 
        (SELECT Member_Code, Member_TotalPurchase, Member_TotalScore FROM memmaster t1 
        UNION ALL SELECT Member_Code, Member_TotalPurchase, Member_TotalScore FROM memmaster_temp) tbl
        GROUP BY Member_Code, Member_TotalPurchase, Member_TotalScore HAVING count(*) = 1 
        ORDER BY Member_Code;
2020-11-19 23:40:42:4042 info: GET /api/redeem 200
2020-11-19 23:40:42:4042 info: redeem:SYNC_UPLOAD
2020-11-19 23:40:42:4042 info: redeem:syncData
2020-11-19 23:40:42:4042 debug: SELECT redeem_code, bill_no FROM 
        (SELECT redeem_code, bill_no FROM redeem t1 
        UNION ALL SELECT redeem_code, bill_no FROM redeem_temp) tbl
        GROUP BY redeem_code, bill_no HAVING count(*) = 1 
        ORDER BY bill_no;
2020-11-19 23:40:52:4052 info: GET /api/member 200
2020-11-19 23:40:52:4052 info: member:SYNC_UPLOAD
2020-11-19 23:40:52:4052 info: member:syncData
2020-11-19 23:40:52:4052 debug: SELECT Member_Code, Member_TotalPurchase, Member_TotalScore FROM 
        (SELECT Member_Code, Member_TotalPurchase, Member_TotalScore FROM memmaster t1 
        UNION ALL SELECT Member_Code, Member_TotalPurchase, Member_TotalScore FROM memmaster_temp) tbl
        GROUP BY Member_Code, Member_TotalPurchase, Member_TotalScore HAVING count(*) = 1 
        ORDER BY Member_Code;
2020-11-19 23:40:52:4052 info: GET /api/redeem 200
2020-11-19 23:40:52:4052 info: redeem:SYNC_UPLOAD
2020-11-19 23:40:52:4052 info: redeem:syncData
2020-11-19 23:40:52:4052 debug: SELECT redeem_code, bill_no FROM 
        (SELECT redeem_code, bill_no FROM redeem t1 
        UNION ALL SELECT redeem_code, bill_no FROM redeem_temp) tbl
        GROUP BY redeem_code, bill_no HAVING count(*) = 1 
        ORDER BY bill_no;
2020-11-19 23:41:02:412 info: GET /api/member 200
2020-11-19 23:41:02:412 info: member:SYNC_UPLOAD
2020-11-19 23:41:02:412 info: member:syncData
2020-11-19 23:41:02:412 debug: SELECT Member_Code, Member_TotalPurchase, Member_TotalScore FROM 
        (SELECT Member_Code, Member_TotalPurchase, Member_TotalScore FROM memmaster t1 
        UNION ALL SELECT Member_Code, Member_TotalPurchase, Member_TotalScore FROM memmaster_temp) tbl
        GROUP BY Member_Code, Member_TotalPurchase, Member_TotalScore HAVING count(*) = 1 
        ORDER BY Member_Code;
2020-11-19 23:41:02:412 info: GET /api/redeem 200
2020-11-19 23:41:02:412 info: redeem:SYNC_UPLOAD
2020-11-19 23:41:02:412 info: redeem:syncData
2020-11-19 23:41:02:412 debug: SELECT redeem_code, bill_no FROM 
        (SELECT redeem_code, bill_no FROM redeem t1 
        UNION ALL SELECT redeem_code, bill_no FROM redeem_temp) tbl
        GROUP BY redeem_code, bill_no HAVING count(*) = 1 
        ORDER BY bill_no;
2020-11-19 23:41:12:4112 info: GET /api/member 200
2020-11-19 23:41:12:4112 info: member:SYNC_UPLOAD
2020-11-19 23:41:12:4112 info: member:syncData
2020-11-19 23:41:12:4112 debug: SELECT Member_Code, Member_TotalPurchase, Member_TotalScore FROM 
        (SELECT Member_Code, Member_TotalPurchase, Member_TotalScore FROM memmaster t1 
        UNION ALL SELECT Member_Code, Member_TotalPurchase, Member_TotalScore FROM memmaster_temp) tbl
        GROUP BY Member_Code, Member_TotalPurchase, Member_TotalScore HAVING count(*) = 1 
        ORDER BY Member_Code;
2020-11-19 23:41:12:4112 info: GET /api/redeem 200
2020-11-19 23:41:12:4112 info: redeem:SYNC_UPLOAD
2020-11-19 23:41:12:4112 info: redeem:syncData
2020-11-19 23:41:12:4112 debug: SELECT redeem_code, bill_no FROM 
        (SELECT redeem_code, bill_no FROM redeem t1 
        UNION ALL SELECT redeem_code, bill_no FROM redeem_temp) tbl
        GROUP BY redeem_code, bill_no HAVING count(*) = 1 
        ORDER BY bill_no;
2020-11-19 23:41:22:4122 info: GET /api/member 200
2020-11-19 23:41:22:4122 info: member:SYNC_UPLOAD
2020-11-19 23:41:22:4122 info: member:syncData
2020-11-19 23:41:22:4122 debug: SELECT Member_Code, Member_TotalPurchase, Member_TotalScore FROM 
        (SELECT Member_Code, Member_TotalPurchase, Member_TotalScore FROM memmaster t1 
        UNION ALL SELECT Member_Code, Member_TotalPurchase, Member_TotalScore FROM memmaster_temp) tbl
        GROUP BY Member_Code, Member_TotalPurchase, Member_TotalScore HAVING count(*) = 1 
        ORDER BY Member_Code;
2020-11-19 23:41:22:4122 info: GET /api/redeem 200
2020-11-19 23:41:22:4122 info: redeem:SYNC_UPLOAD
2020-11-19 23:41:22:4122 info: redeem:syncData
2020-11-19 23:41:22:4122 debug: SELECT redeem_code, bill_no FROM 
        (SELECT redeem_code, bill_no FROM redeem t1 
        UNION ALL SELECT redeem_code, bill_no FROM redeem_temp) tbl
        GROUP BY redeem_code, bill_no HAVING count(*) = 1 
        ORDER BY bill_no;
2020-11-19 23:41:32:4132 info: GET /api/member 200
2020-11-19 23:41:32:4132 info: member:SYNC_UPLOAD
2020-11-19 23:41:32:4132 info: member:syncData
2020-11-19 23:41:32:4132 debug: SELECT Member_Code, Member_TotalPurchase, Member_TotalScore FROM 
        (SELECT Member_Code, Member_TotalPurchase, Member_TotalScore FROM memmaster t1 
        UNION ALL SELECT Member_Code, Member_TotalPurchase, Member_TotalScore FROM memmaster_temp) tbl
        GROUP BY Member_Code, Member_TotalPurchase, Member_TotalScore HAVING count(*) = 1 
        ORDER BY Member_Code;
2020-11-19 23:41:32:4132 info: GET /api/redeem 200
2020-11-19 23:41:32:4132 info: redeem:SYNC_UPLOAD
2020-11-19 23:41:32:4132 info: redeem:syncData
2020-11-19 23:41:32:4132 debug: SELECT redeem_code, bill_no FROM 
        (SELECT redeem_code, bill_no FROM redeem t1 
        UNION ALL SELECT redeem_code, bill_no FROM redeem_temp) tbl
        GROUP BY redeem_code, bill_no HAVING count(*) = 1 
        ORDER BY bill_no;
2020-11-19 23:41:42:4142 info: GET /api/member 200
2020-11-19 23:41:42:4142 info: member:SYNC_UPLOAD
2020-11-19 23:41:42:4142 info: member:syncData
2020-11-19 23:41:42:4142 debug: SELECT Member_Code, Member_TotalPurchase, Member_TotalScore FROM 
        (SELECT Member_Code, Member_TotalPurchase, Member_TotalScore FROM memmaster t1 
        UNION ALL SELECT Member_Code, Member_TotalPurchase, Member_TotalScore FROM memmaster_temp) tbl
        GROUP BY Member_Code, Member_TotalPurchase, Member_TotalScore HAVING count(*) = 1 
        ORDER BY Member_Code;
2020-11-19 23:41:42:4142 info: GET /api/redeem 200
2020-11-19 23:41:42:4142 info: redeem:SYNC_UPLOAD
2020-11-19 23:41:42:4142 info: redeem:syncData
2020-11-19 23:41:42:4142 debug: SELECT redeem_code, bill_no FROM 
        (SELECT redeem_code, bill_no FROM redeem t1 
        UNION ALL SELECT redeem_code, bill_no FROM redeem_temp) tbl
        GROUP BY redeem_code, bill_no HAVING count(*) = 1 
        ORDER BY bill_no;
2020-11-19 23:41:52:4152 info: GET /api/member 200
2020-11-19 23:41:52:4152 info: member:SYNC_UPLOAD
2020-11-19 23:41:52:4152 info: member:syncData
2020-11-19 23:41:52:4152 debug: SELECT Member_Code, Member_TotalPurchase, Member_TotalScore FROM 
        (SELECT Member_Code, Member_TotalPurchase, Member_TotalScore FROM memmaster t1 
        UNION ALL SELECT Member_Code, Member_TotalPurchase, Member_TotalScore FROM memmaster_temp) tbl
        GROUP BY Member_Code, Member_TotalPurchase, Member_TotalScore HAVING count(*) = 1 
        ORDER BY Member_Code;
2020-11-19 23:41:52:4152 info: GET /api/redeem 200
2020-11-19 23:41:52:4152 info: redeem:SYNC_UPLOAD
2020-11-19 23:41:52:4152 info: redeem:syncData
2020-11-19 23:41:52:4152 debug: SELECT redeem_code, bill_no FROM 
        (SELECT redeem_code, bill_no FROM redeem t1 
        UNION ALL SELECT redeem_code, bill_no FROM redeem_temp) tbl
        GROUP BY redeem_code, bill_no HAVING count(*) = 1 
        ORDER BY bill_no;
2020-11-19 23:42:02:422 info: GET /api/member 200
2020-11-19 23:42:02:422 info: member:SYNC_UPLOAD
2020-11-19 23:42:02:422 info: member:syncData
2020-11-19 23:42:02:422 debug: SELECT Member_Code, Member_TotalPurchase, Member_TotalScore FROM 
        (SELECT Member_Code, Member_TotalPurchase, Member_TotalScore FROM memmaster t1 
        UNION ALL SELECT Member_Code, Member_TotalPurchase, Member_TotalScore FROM memmaster_temp) tbl
        GROUP BY Member_Code, Member_TotalPurchase, Member_TotalScore HAVING count(*) = 1 
        ORDER BY Member_Code;
2020-11-19 23:42:02:422 info: GET /api/redeem 200
2020-11-19 23:42:02:422 info: redeem:SYNC_UPLOAD
2020-11-19 23:42:02:422 info: redeem:syncData
2020-11-19 23:42:02:422 debug: SELECT redeem_code, bill_no FROM 
        (SELECT redeem_code, bill_no FROM redeem t1 
        UNION ALL SELECT redeem_code, bill_no FROM redeem_temp) tbl
        GROUP BY redeem_code, bill_no HAVING count(*) = 1 
        ORDER BY bill_no;
2020-11-19 23:42:12:4212 info: GET /api/member 200
2020-11-19 23:42:12:4212 info: member:SYNC_UPLOAD
2020-11-19 23:42:12:4212 info: member:syncData
2020-11-19 23:42:12:4212 debug: SELECT Member_Code, Member_TotalPurchase, Member_TotalScore FROM 
        (SELECT Member_Code, Member_TotalPurchase, Member_TotalScore FROM memmaster t1 
        UNION ALL SELECT Member_Code, Member_TotalPurchase, Member_TotalScore FROM memmaster_temp) tbl
        GROUP BY Member_Code, Member_TotalPurchase, Member_TotalScore HAVING count(*) = 1 
        ORDER BY Member_Code;
2020-11-19 23:42:12:4212 info: GET /api/redeem 200
2020-11-19 23:42:12:4212 info: redeem:SYNC_UPLOAD
2020-11-19 23:42:12:4212 info: redeem:syncData
2020-11-19 23:42:12:4212 debug: SELECT redeem_code, bill_no FROM 
        (SELECT redeem_code, bill_no FROM redeem t1 
        UNION ALL SELECT redeem_code, bill_no FROM redeem_temp) tbl
        GROUP BY redeem_code, bill_no HAVING count(*) = 1 
        ORDER BY bill_no;
2020-11-19 23:42:22:4222 info: GET /api/member 200
2020-11-19 23:42:22:4222 info: member:SYNC_UPLOAD
2020-11-19 23:42:22:4222 info: member:syncData
2020-11-19 23:42:22:4222 debug: SELECT Member_Code, Member_TotalPurchase, Member_TotalScore FROM 
        (SELECT Member_Code, Member_TotalPurchase, Member_TotalScore FROM memmaster t1 
        UNION ALL SELECT Member_Code, Member_TotalPurchase, Member_TotalScore FROM memmaster_temp) tbl
        GROUP BY Member_Code, Member_TotalPurchase, Member_TotalScore HAVING count(*) = 1 
        ORDER BY Member_Code;
2020-11-19 23:42:22:4222 info: GET /api/redeem 200
2020-11-19 23:42:22:4222 info: redeem:SYNC_UPLOAD
2020-11-19 23:42:22:4222 info: redeem:syncData
2020-11-19 23:42:22:4222 debug: SELECT redeem_code, bill_no FROM 
        (SELECT redeem_code, bill_no FROM redeem t1 
        UNION ALL SELECT redeem_code, bill_no FROM redeem_temp) tbl
        GROUP BY redeem_code, bill_no HAVING count(*) = 1 
        ORDER BY bill_no;
2020-11-19 23:42:32:4232 info: GET /api/member 200
2020-11-19 23:42:32:4232 info: member:SYNC_UPLOAD
2020-11-19 23:42:32:4232 info: member:syncData
2020-11-19 23:42:32:4232 debug: SELECT Member_Code, Member_TotalPurchase, Member_TotalScore FROM 
        (SELECT Member_Code, Member_TotalPurchase, Member_TotalScore FROM memmaster t1 
        UNION ALL SELECT Member_Code, Member_TotalPurchase, Member_TotalScore FROM memmaster_temp) tbl
        GROUP BY Member_Code, Member_TotalPurchase, Member_TotalScore HAVING count(*) = 1 
        ORDER BY Member_Code;
2020-11-19 23:42:32:4232 info: GET /api/redeem 200
2020-11-19 23:42:32:4232 info: redeem:SYNC_UPLOAD
2020-11-19 23:42:32:4232 info: redeem:syncData
2020-11-19 23:42:32:4232 debug: SELECT redeem_code, bill_no FROM 
        (SELECT redeem_code, bill_no FROM redeem t1 
        UNION ALL SELECT redeem_code, bill_no FROM redeem_temp) tbl
        GROUP BY redeem_code, bill_no HAVING count(*) = 1 
        ORDER BY bill_no;
2020-11-19 23:42:42:4242 info: GET /api/member 200
2020-11-19 23:42:42:4242 info: member:SYNC_UPLOAD
2020-11-19 23:42:42:4242 info: member:syncData
2020-11-19 23:42:42:4242 debug: SELECT Member_Code, Member_TotalPurchase, Member_TotalScore FROM 
        (SELECT Member_Code, Member_TotalPurchase, Member_TotalScore FROM memmaster t1 
        UNION ALL SELECT Member_Code, Member_TotalPurchase, Member_TotalScore FROM memmaster_temp) tbl
        GROUP BY Member_Code, Member_TotalPurchase, Member_TotalScore HAVING count(*) = 1 
        ORDER BY Member_Code;
2020-11-19 23:42:42:4242 info: GET /api/redeem 200
2020-11-19 23:42:42:4242 info: redeem:SYNC_UPLOAD
2020-11-19 23:42:42:4242 info: redeem:syncData
2020-11-19 23:42:42:4242 debug: SELECT redeem_code, bill_no FROM 
        (SELECT redeem_code, bill_no FROM redeem t1 
        UNION ALL SELECT redeem_code, bill_no FROM redeem_temp) tbl
        GROUP BY redeem_code, bill_no HAVING count(*) = 1 
        ORDER BY bill_no;
2020-11-19 23:42:45:4245 info: GET /api/member/server 200
2020-11-19 23:42:45:4245 info: member:GET_SERVER
2020-11-19 23:42:45:4245 info: member:createOrUpdate
2020-11-19 23:42:45:4245 info: member:getQuery: [object Object]
2020-11-19 23:42:45:4245 info: member:getQuery: [object Object]
2020-11-19 23:42:45:4245 info: member:getQuery: [object Object]
2020-11-19 23:42:45:4245 info: member:getQuery: [object Object]
2020-11-19 23:42:45:4245 info: member:bulkInsert: [object Object],[object Object],[object Object],[object Object]
2020-11-19 23:42:45:4245 debug: INSERT INTO memmaster (Member_Code,Member_NameThai,Member_HomeTel,Member_Email,Member_Brithday,Member_ExpiredDate,Member_AppliedDate,Member_LastDateService,Employee_CreateDate,Employee_ModifyDate,Member_TotalPurchase,Member_Mobile,Member_PointExpiredDate,Member_TotalScore,Member_TitleNameThai,Member_SurnameThai,Member_Active,System_Created,System_Updated) VALUES ? 
        ON DUPLICATE KEY 
        UPDATE 
        Member_TotalPurchase=VALUES(Member_TotalPurchase), 
        Member_TotalScore=VALUES(Member_TotalScore)
2020-11-19 23:42:45:4245 info: member:bulkInsertTemp: [object Object],[object Object],[object Object],[object Object]
2020-11-19 23:42:45:4245 debug: INSERT INTO memmaster_temp (Member_Code,Member_NameThai,Member_HomeTel,Member_Email,Member_Brithday,Member_ExpiredDate,Member_AppliedDate,Member_LastDateService,Employee_CreateDate,Employee_ModifyDate,Member_TotalPurchase,Member_Mobile,Member_PointExpiredDate,Member_TotalScore,Member_TitleNameThai,Member_SurnameThai,Member_Active,System_Created,System_Updated) VALUES ? 
        ON DUPLICATE KEY 
        UPDATE 
        Member_TotalPurchase=VALUES(Member_TotalPurchase), 
        Member_TotalScore=VALUES(Member_TotalScore)
2020-11-19 23:42:45:4245 info: GET /api/redeem/server 200
2020-11-19 23:42:45:4245 info: redeem:GET_SERVER
2020-11-19 23:42:45:4245 info: redeem:createOrUpdate
2020-11-19 23:42:45:4245 info: redeem:getQuery: [object Object]
2020-11-19 23:42:45:4245 info: redeem:getQuery: [object Object]
2020-11-19 23:42:45:4245 info: redeem:getQuery: [object Object]
2020-11-19 23:42:45:4245 info: redeem:bulkInsert: [object Object],[object Object],[object Object]
2020-11-19 23:42:45:4245 debug: INSERT INTO redeem (uuid_index,redeem_code,product_code,redeem_name,point_to_redeem,use_in_branch,emp_code_redeem,member_code_use,qty_in_use,system_create,redeem_date,in_time,status_use,active,redeem_or_free,discount_amt,discount_percent) VALUES ? 
        ON DUPLICATE KEY UPDATE uuid_index=uuid_index;
2020-11-19 23:42:45:4245 info: redeem:bulkInsertTemp: [object Object],[object Object],[object Object]
2020-11-19 23:42:45:4245 debug: INSERT INTO redeem_temp (uuid_index,redeem_code,product_code,redeem_name,point_to_redeem,use_in_branch,emp_code_redeem,member_code_use,qty_in_use,system_create,redeem_date,in_time,status_use,active,redeem_or_free,discount_amt,discount_percent) VALUES ? 
        ON DUPLICATE KEY UPDATE uuid_index=uuid_index;
2020-11-19 23:42:55:4255 info: GET /api/member 200
2020-11-19 23:42:55:4255 info: member:SYNC_UPLOAD
2020-11-19 23:42:55:4255 info: member:syncData
2020-11-19 23:42:55:4255 debug: SELECT Member_Code, Member_TotalPurchase, Member_TotalScore FROM 
        (SELECT Member_Code, Member_TotalPurchase, Member_TotalScore FROM memmaster t1 
        UNION ALL SELECT Member_Code, Member_TotalPurchase, Member_TotalScore FROM memmaster_temp) tbl
        GROUP BY Member_Code, Member_TotalPurchase, Member_TotalScore HAVING count(*) = 1 
        ORDER BY Member_Code;
2020-11-19 23:42:55:4255 info: GET /api/redeem 200
2020-11-19 23:42:55:4255 info: redeem:SYNC_UPLOAD
2020-11-19 23:42:55:4255 info: redeem:syncData
2020-11-19 23:42:55:4255 debug: SELECT redeem_code, bill_no FROM 
        (SELECT redeem_code, bill_no FROM redeem t1 
        UNION ALL SELECT redeem_code, bill_no FROM redeem_temp) tbl
        GROUP BY redeem_code, bill_no HAVING count(*) = 1 
        ORDER BY bill_no;
2020-11-19 23:43:05:435 info: GET /api/member 200
2020-11-19 23:43:05:435 info: member:SYNC_UPLOAD
2020-11-19 23:43:05:435 info: member:syncData
2020-11-19 23:43:05:435 debug: SELECT Member_Code, Member_TotalPurchase, Member_TotalScore FROM 
        (SELECT Member_Code, Member_TotalPurchase, Member_TotalScore FROM memmaster t1 
        UNION ALL SELECT Member_Code, Member_TotalPurchase, Member_TotalScore FROM memmaster_temp) tbl
        GROUP BY Member_Code, Member_TotalPurchase, Member_TotalScore HAVING count(*) = 1 
        ORDER BY Member_Code;
2020-11-19 23:43:05:435 info: GET /api/redeem 200
2020-11-19 23:43:05:435 info: redeem:SYNC_UPLOAD
2020-11-19 23:43:05:435 info: redeem:syncData
2020-11-19 23:43:05:435 debug: SELECT redeem_code, bill_no FROM 
        (SELECT redeem_code, bill_no FROM redeem t1 
        UNION ALL SELECT redeem_code, bill_no FROM redeem_temp) tbl
        GROUP BY redeem_code, bill_no HAVING count(*) = 1 
        ORDER BY bill_no;
2020-11-19 23:43:08:438 info: GET /api/member/server 200
2020-11-19 23:43:08:438 info: member:GET_SERVER
2020-11-19 23:43:08:438 info: member:createOrUpdate
2020-11-19 23:43:08:438 info: member:getQuery: [object Object]
2020-11-19 23:43:08:438 info: member:getQuery: [object Object]
2020-11-19 23:43:08:438 info: member:getQuery: [object Object]
2020-11-19 23:43:08:438 info: member:getQuery: [object Object]
2020-11-19 23:43:08:438 info: member:bulkInsert: [object Object],[object Object],[object Object],[object Object]
2020-11-19 23:43:08:438 debug: INSERT INTO memmaster (Member_Code,Member_NameThai,Member_HomeTel,Member_Email,Member_Brithday,Member_ExpiredDate,Member_AppliedDate,Member_LastDateService,Employee_CreateDate,Employee_ModifyDate,Member_TotalPurchase,Member_Mobile,Member_PointExpiredDate,Member_TotalScore,Member_TitleNameThai,Member_SurnameThai,Member_Active,System_Created,System_Updated) VALUES ? 
        ON DUPLICATE KEY 
        UPDATE 
        Member_TotalPurchase=VALUES(Member_TotalPurchase), 
        Member_TotalScore=VALUES(Member_TotalScore)
2020-11-19 23:43:08:438 info: member:bulkInsertTemp: [object Object],[object Object],[object Object],[object Object]
2020-11-19 23:43:08:438 debug: INSERT INTO memmaster_temp (Member_Code,Member_NameThai,Member_HomeTel,Member_Email,Member_Brithday,Member_ExpiredDate,Member_AppliedDate,Member_LastDateService,Employee_CreateDate,Employee_ModifyDate,Member_TotalPurchase,Member_Mobile,Member_PointExpiredDate,Member_TotalScore,Member_TitleNameThai,Member_SurnameThai,Member_Active,System_Created,System_Updated) VALUES ? 
        ON DUPLICATE KEY 
        UPDATE 
        Member_TotalPurchase=VALUES(Member_TotalPurchase), 
        Member_TotalScore=VALUES(Member_TotalScore)
2020-11-19 23:43:08:438 info: GET /api/redeem/server 200
2020-11-19 23:43:08:438 info: redeem:GET_SERVER
2020-11-19 23:43:08:438 info: redeem:createOrUpdate
2020-11-19 23:43:08:438 info: redeem:getQuery: [object Object]
2020-11-19 23:43:08:438 info: redeem:getQuery: [object Object]
2020-11-19 23:43:08:438 info: redeem:getQuery: [object Object]
2020-11-19 23:43:08:438 info: redeem:bulkInsert: [object Object],[object Object],[object Object]
2020-11-19 23:43:08:438 debug: INSERT INTO redeem (uuid_index,redeem_code,product_code,redeem_name,point_to_redeem,use_in_branch,emp_code_redeem,member_code_use,qty_in_use,system_create,redeem_date,in_time,status_use,active,redeem_or_free,discount_amt,discount_percent) VALUES ? 
        ON DUPLICATE KEY UPDATE uuid_index=uuid_index;
2020-11-19 23:43:08:438 info: redeem:bulkInsertTemp: [object Object],[object Object],[object Object]
2020-11-19 23:43:08:438 debug: INSERT INTO redeem_temp (uuid_index,redeem_code,product_code,redeem_name,point_to_redeem,use_in_branch,emp_code_redeem,member_code_use,qty_in_use,system_create,redeem_date,in_time,status_use,active,redeem_or_free,discount_amt,discount_percent) VALUES ? 
        ON DUPLICATE KEY UPDATE uuid_index=uuid_index;
2020-11-19 23:43:17:4317 info: GET /api/member 200
2020-11-19 23:43:17:4317 info: member:SYNC_UPLOAD
2020-11-19 23:43:17:4317 info: member:syncData
2020-11-19 23:43:17:4317 debug: SELECT Member_Code, Member_TotalPurchase, Member_TotalScore FROM 
        (SELECT Member_Code, Member_TotalPurchase, Member_TotalScore FROM memmaster t1 
        UNION ALL SELECT Member_Code, Member_TotalPurchase, Member_TotalScore FROM memmaster_temp) tbl
        GROUP BY Member_Code, Member_TotalPurchase, Member_TotalScore HAVING count(*) = 1 
        ORDER BY Member_Code;
2020-11-19 23:43:17:4317 info: GET /api/redeem 200
2020-11-19 23:43:17:4317 info: redeem:SYNC_UPLOAD
2020-11-19 23:43:17:4317 info: redeem:syncData
2020-11-19 23:43:17:4317 debug: SELECT redeem_code, bill_no FROM 
        (SELECT redeem_code, bill_no FROM redeem t1 
        UNION ALL SELECT redeem_code, bill_no FROM redeem_temp) tbl
        GROUP BY redeem_code, bill_no HAVING count(*) = 1 
        ORDER BY bill_no;
2020-11-19 23:43:27:4327 info: GET /api/member 200
2020-11-19 23:43:27:4327 info: member:SYNC_UPLOAD
2020-11-19 23:43:27:4327 info: member:syncData
2020-11-19 23:43:27:4327 debug: SELECT Member_Code, Member_TotalPurchase, Member_TotalScore FROM 
        (SELECT Member_Code, Member_TotalPurchase, Member_TotalScore FROM memmaster t1 
        UNION ALL SELECT Member_Code, Member_TotalPurchase, Member_TotalScore FROM memmaster_temp) tbl
        GROUP BY Member_Code, Member_TotalPurchase, Member_TotalScore HAVING count(*) = 1 
        ORDER BY Member_Code;
2020-11-19 23:43:27:4327 info: GET /api/redeem 200
2020-11-19 23:43:27:4327 info: redeem:SYNC_UPLOAD
2020-11-19 23:43:27:4327 info: redeem:syncData
2020-11-19 23:43:27:4327 debug: SELECT redeem_code, bill_no FROM 
        (SELECT redeem_code, bill_no FROM redeem t1 
        UNION ALL SELECT redeem_code, bill_no FROM redeem_temp) tbl
        GROUP BY redeem_code, bill_no HAVING count(*) = 1 
        ORDER BY bill_no;
2020-11-19 23:43:37:4337 info: GET /api/member 200
2020-11-19 23:43:37:4337 info: member:SYNC_UPLOAD
2020-11-19 23:43:37:4337 info: member:syncData
2020-11-19 23:43:37:4337 debug: SELECT Member_Code, Member_TotalPurchase, Member_TotalScore FROM 
        (SELECT Member_Code, Member_TotalPurchase, Member_TotalScore FROM memmaster t1 
        UNION ALL SELECT Member_Code, Member_TotalPurchase, Member_TotalScore FROM memmaster_temp) tbl
        GROUP BY Member_Code, Member_TotalPurchase, Member_TotalScore HAVING count(*) = 1 
        ORDER BY Member_Code;
2020-11-19 23:43:37:4337 info: GET /api/redeem 200
2020-11-19 23:43:37:4337 info: redeem:SYNC_UPLOAD
2020-11-19 23:43:37:4337 info: redeem:syncData
2020-11-19 23:43:37:4337 debug: SELECT redeem_code, bill_no FROM 
        (SELECT redeem_code, bill_no FROM redeem t1 
        UNION ALL SELECT redeem_code, bill_no FROM redeem_temp) tbl
        GROUP BY redeem_code, bill_no HAVING count(*) = 1 
        ORDER BY bill_no;
2020-11-19 23:43:47:4347 info: GET /api/member 200
2020-11-19 23:43:47:4347 info: member:SYNC_UPLOAD
2020-11-19 23:43:47:4347 info: member:syncData
2020-11-19 23:43:47:4347 debug: SELECT Member_Code, Member_TotalPurchase, Member_TotalScore FROM 
        (SELECT Member_Code, Member_TotalPurchase, Member_TotalScore FROM memmaster t1 
        UNION ALL SELECT Member_Code, Member_TotalPurchase, Member_TotalScore FROM memmaster_temp) tbl
        GROUP BY Member_Code, Member_TotalPurchase, Member_TotalScore HAVING count(*) = 1 
        ORDER BY Member_Code;
2020-11-19 23:43:47:4347 info: GET /api/redeem 200
2020-11-19 23:43:47:4347 info: redeem:SYNC_UPLOAD
2020-11-19 23:43:47:4347 info: redeem:syncData
2020-11-19 23:43:47:4347 debug: SELECT redeem_code, bill_no FROM 
        (SELECT redeem_code, bill_no FROM redeem t1 
        UNION ALL SELECT redeem_code, bill_no FROM redeem_temp) tbl
        GROUP BY redeem_code, bill_no HAVING count(*) = 1 
        ORDER BY bill_no;
2020-11-19 23:43:57:4357 info: GET /api/member 200
2020-11-19 23:43:57:4357 info: member:SYNC_UPLOAD
2020-11-19 23:43:57:4357 info: member:syncData
2020-11-19 23:43:57:4357 debug: SELECT Member_Code, Member_TotalPurchase, Member_TotalScore FROM 
        (SELECT Member_Code, Member_TotalPurchase, Member_TotalScore FROM memmaster t1 
        UNION ALL SELECT Member_Code, Member_TotalPurchase, Member_TotalScore FROM memmaster_temp) tbl
        GROUP BY Member_Code, Member_TotalPurchase, Member_TotalScore HAVING count(*) = 1 
        ORDER BY Member_Code;
2020-11-19 23:43:57:4357 info: GET /api/redeem 200
2020-11-19 23:43:57:4357 info: redeem:SYNC_UPLOAD
2020-11-19 23:43:57:4357 info: redeem:syncData
2020-11-19 23:43:57:4357 debug: SELECT redeem_code, bill_no FROM 
        (SELECT redeem_code, bill_no FROM redeem t1 
        UNION ALL SELECT redeem_code, bill_no FROM redeem_temp) tbl
        GROUP BY redeem_code, bill_no HAVING count(*) = 1 
        ORDER BY bill_no;
